2016-08-12 00:20:19 trace :
------------
String:
<xml><ToUserName><![CDATA[gh_8ca78bc58dcf]]></ToUserName>
<FromUserName><![CDATA[oB3Llv6YR5mlXGmoFBaFq78ycmeY]]></FromUserName>
<CreateTime>1470932419</CreateTime>
<MsgType><![CDATA[event]]></MsgType>
<Event><![CDATA[subscribe]]></Event>
<EventKey><![CDATA[]]></EventKey>
</xml>

2016-08-12 00:20:19 params :
------------
Array:
rule : -2 ;
module :  ;
message : Array ;

2016-08-12 00:20:19 response :
------------

2016-08-12 00:20:31 trace :
------------
String:
<xml><ToUserName><![CDATA[gh_8ca78bc58dcf]]></ToUserName>
<FromUserName><![CDATA[oB3Llv6YR5mlXGmoFBaFq78ycmeY]]></FromUserName>
<CreateTime>1470932431</CreateTime>
<MsgType><![CDATA[event]]></MsgType>
<Event><![CDATA[VIEW]]></Event>
<EventKey><![CDATA[http://www.xyyhqhs8520.com/app/index.php?i=2&c=entry&do=index&m=jy_ppp]]></EventKey>
<MenuId>407931548</MenuId>
</xml>

2016-08-12 00:20:31 params :
------------
Array:
rule : -2 ;
module :  ;
message : Array ;

2016-08-12 00:20:31 response :
------------

2016-08-12 00:33:40 trace :
------------
String:
<xml><ToUserName><![CDATA[gh_8ca78bc58dcf]]></ToUserName>
<FromUserName><![CDATA[oB3LlvwMNzAPfwJyzCTyuLu4sPG0]]></FromUserName>
<CreateTime>1470933220</CreateTime>
<MsgType><![CDATA[event]]></MsgType>
<Event><![CDATA[subscribe]]></Event>
<EventKey><![CDATA[]]></EventKey>
</xml>

2016-08-12 00:33:40 params :
------------
Array:
rule : -2 ;
module :  ;
message : Array ;

2016-08-12 00:33:40 response :
------------

2016-08-12 00:34:00 trace :
------------
String:
<xml><ToUserName><![CDATA[gh_8ca78bc58dcf]]></ToUserName>
<FromUserName><![CDATA[oB3LlvwMNzAPfwJyzCTyuLu4sPG0]]></FromUserName>
<CreateTime>1470933240</CreateTime>
<MsgType><![CDATA[event]]></MsgType>
<Event><![CDATA[VIEW]]></Event>
<EventKey><![CDATA[http://www.xyyhqhs8520.com/app/index.php?i=2&c=entry&do=index&m=jy_ppp]]></EventKey>
<MenuId>407931548</MenuId>
</xml>

2016-08-12 00:34:00 params :
------------
Array:
rule : -2 ;
module :  ;
message : Array ;

2016-08-12 00:34:00 response :
------------

2016-08-12 00:36:10 trace :
------------
String:
<xml><ToUserName><![CDATA[gh_8ca78bc58dcf]]></ToUserName>
<FromUserName><![CDATA[oB3Llv6h5KMBJzDit9932wFJ4dA4]]></FromUserName>
<CreateTime>1470933370</CreateTime>
<MsgType><![CDATA[event]]></MsgType>
<Event><![CDATA[subscribe]]></Event>
<EventKey><![CDATA[]]></EventKey>
</xml>

2016-08-12 00:36:10 params :
------------
Array:
rule : -2 ;
module :  ;
message : Array ;

2016-08-12 00:36:10 response :
------------

2016-08-12 00:36:14 trace :
------------
String:
<xml><ToUserName><![CDATA[gh_8ca78bc58dcf]]></ToUserName>
<FromUserName><![CDATA[oB3Llv6h5KMBJzDit9932wFJ4dA4]]></FromUserName>
<CreateTime>1470933374</CreateTime>
<MsgType><![CDATA[event]]></MsgType>
<Event><![CDATA[VIEW]]></Event>
<EventKey><![CDATA[http://www.xyyhqhs8520.com/app/index.php?i=2&c=entry&do=index&m=jy_ppp]]></EventKey>
<MenuId>407931548</MenuId>
</xml>

2016-08-12 00:36:14 params :
------------
Array:
rule : -2 ;
module :  ;
message : Array ;

2016-08-12 00:36:14 response :
------------

2016-08-12 00:36:31 trace :
------------
String:
<xml><ToUserName><![CDATA[gh_8ca78bc58dcf]]></ToUserName>
<FromUserName><![CDATA[oB3Llv6h5KMBJzDit9932wFJ4dA4]]></FromUserName>
<CreateTime>1470933391</CreateTime>
<MsgType><![CDATA[event]]></MsgType>
<Event><![CDATA[VIEW]]></Event>
<EventKey><![CDATA[http://www.xyyhqhs8520.com/app/index.php?i=2&c=entry&do=mail&m=jy_ppp]]></EventKey>
<MenuId>407931548</MenuId>
</xml>

2016-08-12 00:36:31 params :
------------
Array:
rule : -2 ;
module :  ;
message : Array ;

2016-08-12 00:36:31 response :
------------

2016-08-12 00:36:33 trace :
------------
String:
<xml><ToUserName><![CDATA[gh_8ca78bc58dcf]]></ToUserName>
<FromUserName><![CDATA[oB3Llv6h5KMBJzDit9932wFJ4dA4]]></FromUserName>
<CreateTime>1470933393</CreateTime>
<MsgType><![CDATA[event]]></MsgType>
<Event><![CDATA[VIEW]]></Event>
<EventKey><![CDATA[http://www.xyyhqhs8520.com/app/index.php?i=2&c=entry&do=geren&m=jy_ppp]]></EventKey>
<MenuId>407931548</MenuId>
</xml>

2016-08-12 00:36:33 params :
------------
Array:
rule : -2 ;
module :  ;
message : Array ;

2016-08-12 00:36:33 response :
------------

2016-08-12 00:36:41 trace :
------------
String:
<xml><ToUserName><![CDATA[gh_8ca78bc58dcf]]></ToUserName>
<FromUserName><![CDATA[oB3Llv6h5KMBJzDit9932wFJ4dA4]]></FromUserName>
<CreateTime>1470933401</CreateTime>
<MsgType><![CDATA[event]]></MsgType>
<Event><![CDATA[VIEW]]></Event>
<EventKey><![CDATA[http://www.xyyhqhs8520.com/app/index.php?i=2&c=entry&do=index&m=jy_ppp]]></EventKey>
<MenuId>407931548</MenuId>
</xml>

2016-08-12 00:36:41 params :
------------
Array:
rule : -2 ;
module :  ;
message : Array ;

2016-08-12 00:36:41 response :
------------

2016-08-12 00:36:48 trace :
------------
String:
<xml><ToUserName><![CDATA[gh_8ca78bc58dcf]]></ToUserName>
<FromUserName><![CDATA[oB3LlvwMNzAPfwJyzCTyuLu4sPG0]]></FromUserName>
<CreateTime>1470933407</CreateTime>
<MsgType><![CDATA[event]]></MsgType>
<Event><![CDATA[VIEW]]></Event>
<EventKey><![CDATA[http://www.xyyhqhs8520.com/app/index.php?i=2&c=entry&do=index&m=jy_ppp]]></EventKey>
<MenuId>407931548</MenuId>
</xml>

2016-08-12 00:36:48 params :
------------
Array:
rule : -2 ;
module :  ;
message : Array ;

2016-08-12 00:36:48 response :
------------

2016-08-12 00:37:04 trace :
------------
String:
<xml><ToUserName><![CDATA[gh_8ca78bc58dcf]]></ToUserName>
<FromUserName><![CDATA[oB3Llv6h5KMBJzDit9932wFJ4dA4]]></FromUserName>
<CreateTime>1470933424</CreateTime>
<MsgType><![CDATA[event]]></MsgType>
<Event><![CDATA[VIEW]]></Event>
<EventKey><![CDATA[http://www.xyyhqhs8520.com/app/index.php?i=2&c=entry&do=index&m=jy_ppp]]></EventKey>
<MenuId>407931548</MenuId>
</xml>

2016-08-12 00:37:04 params :
------------
Array:
rule : -2 ;
module :  ;
message : Array ;

2016-08-12 00:37:04 response :
------------

2016-08-12 00:39:38 trace :
------------
String:
<xml><ToUserName><![CDATA[gh_8ca78bc58dcf]]></ToUserName>
<FromUserName><![CDATA[oB3Llv6h5KMBJzDit9932wFJ4dA4]]></FromUserName>
<CreateTime>1470933578</CreateTime>
<MsgType><![CDATA[event]]></MsgType>
<Event><![CDATA[VIEW]]></Event>
<EventKey><![CDATA[http://www.xyyhqhs8520.com/app/index.php?i=2&c=entry&do=index&m=jy_ppp]]></EventKey>
<MenuId>407931548</MenuId>
</xml>

2016-08-12 00:39:38 params :
------------
Array:
rule : -2 ;
module :  ;
message : Array ;

2016-08-12 00:39:38 response :
------------

2016-08-12 00:40:04 trace :
------------
String:
<xml><ToUserName><![CDATA[gh_8ca78bc58dcf]]></ToUserName>
<FromUserName><![CDATA[oB3Llv6h5KMBJzDit9932wFJ4dA4]]></FromUserName>
<CreateTime>1470933604</CreateTime>
<MsgType><![CDATA[event]]></MsgType>
<Event><![CDATA[VIEW]]></Event>
<EventKey><![CDATA[http://www.xyyhqhs8520.com/app/index.php?i=2&c=entry&do=index&m=jy_ppp]]></EventKey>
<MenuId>407931548</MenuId>
</xml>

2016-08-12 00:40:04 params :
------------
Array:
rule : -2 ;
module :  ;
message : Array ;

2016-08-12 00:40:04 response :
------------

2016-08-12 00:41:24 trace :
------------
String:
<xml><ToUserName><![CDATA[gh_8ca78bc58dcf]]></ToUserName>
<FromUserName><![CDATA[oB3Llv6h5KMBJzDit9932wFJ4dA4]]></FromUserName>
<CreateTime>1470933684</CreateTime>
<MsgType><![CDATA[event]]></MsgType>
<Event><![CDATA[VIEW]]></Event>
<EventKey><![CDATA[http://www.xyyhqhs8520.com/app/index.php?i=2&c=entry&do=index&m=jy_ppp]]></EventKey>
<MenuId>407931548</MenuId>
</xml>

2016-08-12 00:41:24 params :
------------
Array:
rule : -2 ;
module :  ;
message : Array ;

2016-08-12 00:41:24 response :
------------

2016-08-12 00:42:24 trace :
------------
String:
<xml><ToUserName><![CDATA[gh_8ca78bc58dcf]]></ToUserName>
<FromUserName><![CDATA[oB3Llv6h5KMBJzDit9932wFJ4dA4]]></FromUserName>
<CreateTime>1470933744</CreateTime>
<MsgType><![CDATA[event]]></MsgType>
<Event><![CDATA[VIEW]]></Event>
<EventKey><![CDATA[http://www.xyyhqhs8520.com/app/index.php?i=2&c=entry&do=index&m=jy_ppp]]></EventKey>
<MenuId>407931548</MenuId>
</xml>

2016-08-12 00:42:24 params :
------------
Array:
rule : -2 ;
module :  ;
message : Array ;

2016-08-12 00:42:24 response :
------------

2016-08-12 00:43:22 trace :
------------
String:
<xml><ToUserName><![CDATA[gh_8ca78bc58dcf]]></ToUserName>
<FromUserName><![CDATA[oB3Llv6h5KMBJzDit9932wFJ4dA4]]></FromUserName>
<CreateTime>1470933802</CreateTime>
<MsgType><![CDATA[event]]></MsgType>
<Event><![CDATA[VIEW]]></Event>
<EventKey><![CDATA[http://www.xyyhqhs8520.com/app/index.php?i=2&c=entry&do=index&m=jy_ppp]]></EventKey>
<MenuId>407931548</MenuId>
</xml>

2016-08-12 00:43:22 params :
------------
Array:
rule : -2 ;
module :  ;
message : Array ;

2016-08-12 00:43:22 response :
------------

2016-08-12 00:43:38 trace :
------------
String:
<xml><ToUserName><![CDATA[gh_8ca78bc58dcf]]></ToUserName>
<FromUserName><![CDATA[oB3Llv6h5KMBJzDit9932wFJ4dA4]]></FromUserName>
<CreateTime>1470933818</CreateTime>
<MsgType><![CDATA[event]]></MsgType>
<Event><![CDATA[unsubscribe]]></Event>
<EventKey><![CDATA[]]></EventKey>
</xml>

2016-08-12 00:46:21 trace :
------------
String:
<xml><ToUserName><![CDATA[gh_8ca78bc58dcf]]></ToUserName>
<FromUserName><![CDATA[oB3LlvwMNzAPfwJyzCTyuLu4sPG0]]></FromUserName>
<CreateTime>1470933981</CreateTime>
<MsgType><![CDATA[event]]></MsgType>
<Event><![CDATA[unsubscribe]]></Event>
<EventKey><![CDATA[]]></EventKey>
</xml>

2016-08-12 00:50:04 trace :
------------
String:
<xml><ToUserName><![CDATA[gh_8ca78bc58dcf]]></ToUserName>
<FromUserName><![CDATA[oB3Llv6h5KMBJzDit9932wFJ4dA4]]></FromUserName>
<CreateTime>1470934204</CreateTime>
<MsgType><![CDATA[event]]></MsgType>
<Event><![CDATA[subscribe]]></Event>
<EventKey><![CDATA[]]></EventKey>
</xml>

2016-08-12 00:50:04 params :
------------
Array:
rule : -2 ;
module :  ;
message : Array ;

2016-08-12 00:50:04 response :
------------

2016-08-12 00:50:07 trace :
------------
String:
<xml><ToUserName><![CDATA[gh_8ca78bc58dcf]]></ToUserName>
<FromUserName><![CDATA[oB3Llv6h5KMBJzDit9932wFJ4dA4]]></FromUserName>
<CreateTime>1470934207</CreateTime>
<MsgType><![CDATA[event]]></MsgType>
<Event><![CDATA[VIEW]]></Event>
<EventKey><![CDATA[http://www.xyyhqhs8520.com/app/index.php?i=2&c=entry&do=index&m=jy_ppp]]></EventKey>
<MenuId>407931548</MenuId>
</xml>

2016-08-12 00:50:07 params :
------------
Array:
rule : -2 ;
module :  ;
message : Array ;

2016-08-12 00:50:07 response :
------------

2016-08-12 00:52:22 trace :
------------
String:
<xml><ToUserName><![CDATA[gh_8ca78bc58dcf]]></ToUserName>
<FromUserName><![CDATA[oB3Llv6h5KMBJzDit9932wFJ4dA4]]></FromUserName>
<CreateTime>1470934342</CreateTime>
<MsgType><![CDATA[event]]></MsgType>
<Event><![CDATA[VIEW]]></Event>
<EventKey><![CDATA[http://www.xyyhqhs8520.com/app/index.php?i=2&c=entry&do=mail&m=jy_ppp]]></EventKey>
<MenuId>407931548</MenuId>
</xml>

2016-08-12 00:52:22 params :
------------
Array:
rule : -2 ;
module :  ;
message : Array ;

2016-08-12 00:52:22 response :
------------

2016-08-12 00:53:48 trace :
------------
String:
<xml><ToUserName><![CDATA[gh_8ca78bc58dcf]]></ToUserName>
<FromUserName><![CDATA[oB3Llv-hoqQHR0xp5CZml_6KJhP4]]></FromUserName>
<CreateTime>1470934428</CreateTime>
<MsgType><![CDATA[event]]></MsgType>
<Event><![CDATA[VIEW]]></Event>
<EventKey><![CDATA[http://www.xyyhqhs8520.com/app/index.php?i=2&c=entry&do=index&m=jy_ppp]]></EventKey>
<MenuId>407931548</MenuId>
</xml>

2016-08-12 00:53:48 params :
------------
Array:
rule : -2 ;
module :  ;
message : Array ;

2016-08-12 00:53:48 response :
------------

2016-08-12 00:54:12 trace :
------------
String:
<xml><ToUserName><![CDATA[gh_8ca78bc58dcf]]></ToUserName>
<FromUserName><![CDATA[oB3Llv6h5KMBJzDit9932wFJ4dA4]]></FromUserName>
<CreateTime>1470934452</CreateTime>
<MsgType><![CDATA[event]]></MsgType>
<Event><![CDATA[VIEW]]></Event>
<EventKey><![CDATA[http://www.xyyhqhs8520.com/app/index.php?i=2&c=entry&do=index&m=jy_ppp]]></EventKey>
<MenuId>407931548</MenuId>
</xml>

2016-08-12 00:54:12 params :
------------
Array:
rule : -2 ;
module :  ;
message : Array ;

2016-08-12 00:54:12 response :
------------

2016-08-12 00:55:33 trace :
------------
String:
<xml><ToUserName><![CDATA[gh_8ca78bc58dcf]]></ToUserName>
<FromUserName><![CDATA[oB3Llv6h5KMBJzDit9932wFJ4dA4]]></FromUserName>
<CreateTime>1470934533</CreateTime>
<MsgType><![CDATA[event]]></MsgType>
<Event><![CDATA[unsubscribe]]></Event>
<EventKey><![CDATA[]]></EventKey>
</xml>

2016-08-12 01:06:05 trace :
------------
String:
<xml><ToUserName><![CDATA[gh_8ca78bc58dcf]]></ToUserName>
<FromUserName><![CDATA[oB3Llv2UKpdnfrUS0ig83eZRWm4w]]></FromUserName>
<CreateTime>1470935165</CreateTime>
<MsgType><![CDATA[event]]></MsgType>
<Event><![CDATA[VIEW]]></Event>
<EventKey><![CDATA[http://www.xyyhqhs8520.com/app/index.php?i=2&c=entry&do=index&m=jy_ppp]]></EventKey>
<MenuId>407931548</MenuId>
</xml>

2016-08-12 01:06:05 params :
------------
Array:
rule : -2 ;
module :  ;
message : Array ;

2016-08-12 01:06:05 response :
------------

2016-08-12 01:06:08 trace :
------------
String:
<xml><ToUserName><![CDATA[gh_8ca78bc58dcf]]></ToUserName>
<FromUserName><![CDATA[oB3Llv9LHFrsAL9uSlflHxbEelHU]]></FromUserName>
<CreateTime>1470935168</CreateTime>
<MsgType><![CDATA[event]]></MsgType>
<Event><![CDATA[VIEW]]></Event>
<EventKey><![CDATA[http://www.xyyhqhs8520.com/app/index.php?i=2&c=entry&do=index&m=jy_ppp]]></EventKey>
<MenuId>407931548</MenuId>
</xml>

2016-08-12 01:06:08 params :
------------
Array:
rule : -2 ;
module :  ;
message : Array ;

2016-08-12 01:06:08 response :
------------

2016-08-12 01:10:56 trace :
------------
String:
<xml><ToUserName><![CDATA[gh_8ca78bc58dcf]]></ToUserName>
<FromUserName><![CDATA[oB3Llv2UKpdnfrUS0ig83eZRWm4w]]></FromUserName>
<CreateTime>1470935455</CreateTime>
<MsgType><![CDATA[event]]></MsgType>
<Event><![CDATA[unsubscribe]]></Event>
<EventKey><![CDATA[]]></EventKey>
</xml>

2016-08-12 01:11:26 trace :
------------
String:
<xml><ToUserName><![CDATA[gh_8ca78bc58dcf]]></ToUserName>
<FromUserName><![CDATA[oB3Llv2UKpdnfrUS0ig83eZRWm4w]]></FromUserName>
<CreateTime>1470935486</CreateTime>
<MsgType><![CDATA[event]]></MsgType>
<Event><![CDATA[subscribe]]></Event>
<EventKey><![CDATA[]]></EventKey>
</xml>

2016-08-12 01:11:26 params :
------------
Array:
rule : -2 ;
module :  ;
message : Array ;

2016-08-12 01:11:26 response :
------------

2016-08-12 01:11:30 trace :
------------
String:
<xml><ToUserName><![CDATA[gh_8ca78bc58dcf]]></ToUserName>
<FromUserName><![CDATA[oB3Llv2UKpdnfrUS0ig83eZRWm4w]]></FromUserName>
<CreateTime>1470935490</CreateTime>
<MsgType><![CDATA[event]]></MsgType>
<Event><![CDATA[VIEW]]></Event>
<EventKey><![CDATA[http://www.xyyhqhs8520.com/app/index.php?i=2&c=entry&do=index&m=jy_ppp]]></EventKey>
<MenuId>407931548</MenuId>
</xml>

2016-08-12 01:11:30 params :
------------
Array:
rule : -2 ;
module :  ;
message : Array ;

2016-08-12 01:11:30 response :
------------

2016-08-12 01:12:31 trace :
------------
String:
<xml><ToUserName><![CDATA[gh_8ca78bc58dcf]]></ToUserName>
<FromUserName><![CDATA[oB3Llv2UKpdnfrUS0ig83eZRWm4w]]></FromUserName>
<CreateTime>1470935551</CreateTime>
<MsgType><![CDATA[event]]></MsgType>
<Event><![CDATA[VIEW]]></Event>
<EventKey><![CDATA[http://www.xyyhqhs8520.com/app/index.php?i=2&c=entry&do=index&m=jy_ppp]]></EventKey>
<MenuId>407931548</MenuId>
</xml>

2016-08-12 01:12:31 params :
------------
Array:
rule : -2 ;
module :  ;
message : Array ;

2016-08-12 01:12:31 response :
------------

2016-08-12 01:12:58 trace :
------------
String:
<xml><ToUserName><![CDATA[gh_8ca78bc58dcf]]></ToUserName>
<FromUserName><![CDATA[oB3Llv2UKpdnfrUS0ig83eZRWm4w]]></FromUserName>
<CreateTime>1470935578</CreateTime>
<MsgType><![CDATA[event]]></MsgType>
<Event><![CDATA[unsubscribe]]></Event>
<EventKey><![CDATA[]]></EventKey>
</xml>

2016-08-12 01:20:31 trace :
------------
String:
<xml><ToUserName><![CDATA[gh_8ca78bc58dcf]]></ToUserName>
<FromUserName><![CDATA[oB3Llv6m3HTsmMdBsKuO6NaF5N5Y]]></FromUserName>
<CreateTime>1470936031</CreateTime>
<MsgType><![CDATA[event]]></MsgType>
<Event><![CDATA[VIEW]]></Event>
<EventKey><![CDATA[http://www.xyyhqhs8520.com/app/index.php?i=2&c=entry&do=index&m=jy_ppp]]></EventKey>
<MenuId>407931548</MenuId>
</xml>

2016-08-12 01:20:31 params :
------------
Array:
rule : -2 ;
module :  ;
message : Array ;

2016-08-12 01:20:31 response :
------------

2016-08-12 01:20:47 trace :
------------
String:
<xml><ToUserName><![CDATA[gh_8ca78bc58dcf]]></ToUserName>
<FromUserName><![CDATA[oB3Llv6m3HTsmMdBsKuO6NaF5N5Y]]></FromUserName>
<CreateTime>1470936047</CreateTime>
<MsgType><![CDATA[event]]></MsgType>
<Event><![CDATA[VIEW]]></Event>
<EventKey><![CDATA[http://www.xyyhqhs8520.com/app/index.php?i=2&c=entry&do=mail&m=jy_ppp]]></EventKey>
<MenuId>407931548</MenuId>
</xml>

2016-08-12 01:20:47 params :
------------
Array:
rule : -2 ;
module :  ;
message : Array ;

2016-08-12 01:20:47 response :
------------

2016-08-12 01:20:58 trace :
------------
String:
<xml><ToUserName><![CDATA[gh_8ca78bc58dcf]]></ToUserName>
<FromUserName><![CDATA[oB3Llv6m3HTsmMdBsKuO6NaF5N5Y]]></FromUserName>
<CreateTime>1470936058</CreateTime>
<MsgType><![CDATA[event]]></MsgType>
<Event><![CDATA[VIEW]]></Event>
<EventKey><![CDATA[http://www.xyyhqhs8520.com/app/index.php?i=2&c=entry&do=mail&m=jy_ppp]]></EventKey>
<MenuId>407931548</MenuId>
</xml>

2016-08-12 01:20:58 params :
------------
Array:
rule : -2 ;
module :  ;
message : Array ;

2016-08-12 01:20:58 response :
------------

2016-08-12 01:21:07 trace :
------------
String:
<xml><ToUserName><![CDATA[gh_8ca78bc58dcf]]></ToUserName>
<FromUserName><![CDATA[oB3Llv6m3HTsmMdBsKuO6NaF5N5Y]]></FromUserName>
<CreateTime>1470936066</CreateTime>
<MsgType><![CDATA[event]]></MsgType>
<Event><![CDATA[VIEW]]></Event>
<EventKey><![CDATA[http://www.xyyhqhs8520.com/app/index.php?i=2&c=entry&do=geren&m=jy_ppp]]></EventKey>
<MenuId>407931548</MenuId>
</xml>

2016-08-12 01:21:07 params :
------------
Array:
rule : -2 ;
module :  ;
message : Array ;

2016-08-12 01:21:07 response :
------------

2016-08-12 01:34:04 trace :
------------
String:
<xml><ToUserName><![CDATA[gh_8ca78bc58dcf]]></ToUserName>
<FromUserName><![CDATA[oB3Llv-hoqQHR0xp5CZml_6KJhP4]]></FromUserName>
<CreateTime>1470936844</CreateTime>
<MsgType><![CDATA[event]]></MsgType>
<Event><![CDATA[VIEW]]></Event>
<EventKey><![CDATA[http://www.xyyhqhs8520.com/app/index.php?i=2&c=entry&do=index&m=jy_ppp]]></EventKey>
<MenuId>407931548</MenuId>
</xml>

2016-08-12 01:34:04 params :
------------
Array:
rule : -2 ;
module :  ;
message : Array ;

2016-08-12 01:34:04 response :
------------

2016-08-12 01:48:05 trace :
------------
String:
<xml><ToUserName><![CDATA[gh_8ca78bc58dcf]]></ToUserName>
<FromUserName><![CDATA[oB3Llv9eR7OrZ17MD9R0xOoL3TX0]]></FromUserName>
<CreateTime>1470937685</CreateTime>
<MsgType><![CDATA[event]]></MsgType>
<Event><![CDATA[subscribe]]></Event>
<EventKey><![CDATA[]]></EventKey>
</xml>

2016-08-12 01:48:05 params :
------------
Array:
rule : -2 ;
module :  ;
message : Array ;

2016-08-12 01:48:05 response :
------------

2016-08-12 01:48:26 trace :
------------
String:
<xml><ToUserName><![CDATA[gh_8ca78bc58dcf]]></ToUserName>
<FromUserName><![CDATA[oB3Llv9eR7OrZ17MD9R0xOoL3TX0]]></FromUserName>
<CreateTime>1470937706</CreateTime>
<MsgType><![CDATA[event]]></MsgType>
<Event><![CDATA[unsubscribe]]></Event>
<EventKey><![CDATA[]]></EventKey>
</xml>

2016-08-12 02:10:29 trace :
------------
String:
<xml><ToUserName><![CDATA[gh_8ca78bc58dcf]]></ToUserName>
<FromUserName><![CDATA[oB3Llvzi3kt5xdzSQr3MZtmrfcCs]]></FromUserName>
<CreateTime>1470939029</CreateTime>
<MsgType><![CDATA[event]]></MsgType>
<Event><![CDATA[subscribe]]></Event>
<EventKey><![CDATA[]]></EventKey>
</xml>

2016-08-12 02:10:29 params :
------------
Array:
rule : -2 ;
module :  ;
message : Array ;

2016-08-12 02:10:29 response :
------------

2016-08-12 02:10:50 trace :
------------
String:
<xml><ToUserName><![CDATA[gh_8ca78bc58dcf]]></ToUserName>
<FromUserName><![CDATA[oB3Llvzi3kt5xdzSQr3MZtmrfcCs]]></FromUserName>
<CreateTime>1470939050</CreateTime>
<MsgType><![CDATA[event]]></MsgType>
<Event><![CDATA[VIEW]]></Event>
<EventKey><![CDATA[http://www.xyyhqhs8520.com/app/index.php?i=2&c=entry&do=index&m=jy_ppp]]></EventKey>
<MenuId>407931548</MenuId>
</xml>

2016-08-12 02:10:50 params :
------------
Array:
rule : -2 ;
module :  ;
message : Array ;

2016-08-12 02:10:50 response :
------------

2016-08-12 02:11:54 trace :
------------
String:
<xml><ToUserName><![CDATA[gh_8ca78bc58dcf]]></ToUserName>
<FromUserName><![CDATA[oB3Llvzi3kt5xdzSQr3MZtmrfcCs]]></FromUserName>
<CreateTime>1470939114</CreateTime>
<MsgType><![CDATA[event]]></MsgType>
<Event><![CDATA[VIEW]]></Event>
<EventKey><![CDATA[http://www.xyyhqhs8520.com/app/index.php?i=2&c=entry&do=geren&m=jy_ppp]]></EventKey>
<MenuId>407931548</MenuId>
</xml>

2016-08-12 02:11:54 params :
------------
Array:
rule : -2 ;
module :  ;
message : Array ;

2016-08-12 02:11:54 response :
------------

2016-08-12 02:11:58 trace :
------------
String:
<xml><ToUserName><![CDATA[gh_8ca78bc58dcf]]></ToUserName>
<FromUserName><![CDATA[oB3Llvzi3kt5xdzSQr3MZtmrfcCs]]></FromUserName>
<CreateTime>1470939118</CreateTime>
<MsgType><![CDATA[event]]></MsgType>
<Event><![CDATA[VIEW]]></Event>
<EventKey><![CDATA[http://www.xyyhqhs8520.com/app/index.php?i=2&c=entry&do=mail&m=jy_ppp]]></EventKey>
<MenuId>407931548</MenuId>
</xml>

2016-08-12 02:11:59 params :
------------
Array:
rule : -2 ;
module :  ;
message : Array ;

2016-08-12 02:11:59 response :
------------

2016-08-12 07:30:50 trace :
------------
String:
<xml><ToUserName><![CDATA[gh_8ca78bc58dcf]]></ToUserName>
<FromUserName><![CDATA[oB3Llv6arKFe2lg2BohEKXC7cy5M]]></FromUserName>
<CreateTime>1470958250</CreateTime>
<MsgType><![CDATA[event]]></MsgType>
<Event><![CDATA[subscribe]]></Event>
<EventKey><![CDATA[]]></EventKey>
</xml>

2016-08-12 07:30:50 params :
------------
Array:
rule : -2 ;
module :  ;
message : Array ;

2016-08-12 07:30:50 response :
------------

2016-08-12 07:30:58 trace :
------------
String:
<xml><ToUserName><![CDATA[gh_8ca78bc58dcf]]></ToUserName>
<FromUserName><![CDATA[oB3Llv6arKFe2lg2BohEKXC7cy5M]]></FromUserName>
<CreateTime>1470958258</CreateTime>
<MsgType><![CDATA[event]]></MsgType>
<Event><![CDATA[VIEW]]></Event>
<EventKey><![CDATA[http://www.xyyhqhs8520.com/app/index.php?i=2&c=entry&do=index&m=jy_ppp]]></EventKey>
<MenuId>407931548</MenuId>
</xml>

2016-08-12 07:30:58 params :
------------
Array:
rule : -2 ;
module :  ;
message : Array ;

2016-08-12 07:30:58 response :
------------

2016-08-12 07:31:42 trace :
------------
String:
<xml><ToUserName><![CDATA[gh_8ca78bc58dcf]]></ToUserName>
<FromUserName><![CDATA[oB3Llv6arKFe2lg2BohEKXC7cy5M]]></FromUserName>
<CreateTime>1470958301</CreateTime>
<MsgType><![CDATA[event]]></MsgType>
<Event><![CDATA[VIEW]]></Event>
<EventKey><![CDATA[http://www.xyyhqhs8520.com/app/index.php?i=2&c=entry&do=mail&m=jy_ppp]]></EventKey>
<MenuId>407931548</MenuId>
</xml>

2016-08-12 07:31:42 params :
------------
Array:
rule : -2 ;
module :  ;
message : Array ;

2016-08-12 07:31:42 response :
------------

2016-08-12 07:37:42 trace :
------------
String:
<xml><ToUserName><![CDATA[gh_8ca78bc58dcf]]></ToUserName>
<FromUserName><![CDATA[oB3Llv6arKFe2lg2BohEKXC7cy5M]]></FromUserName>
<CreateTime>1470958662</CreateTime>
<MsgType><![CDATA[event]]></MsgType>
<Event><![CDATA[VIEW]]></Event>
<EventKey><![CDATA[http://www.xyyhqhs8520.com/app/index.php?i=2&c=entry&do=mail&m=jy_ppp]]></EventKey>
<MenuId>407931548</MenuId>
</xml>

2016-08-12 07:37:42 params :
------------
Array:
rule : -2 ;
module :  ;
message : Array ;

2016-08-12 07:37:42 response :
------------

2016-08-12 07:38:21 trace :
------------
String:
<xml><ToUserName><![CDATA[gh_8ca78bc58dcf]]></ToUserName>
<FromUserName><![CDATA[oB3Llv6arKFe2lg2BohEKXC7cy5M]]></FromUserName>
<CreateTime>1470958701</CreateTime>
<MsgType><![CDATA[event]]></MsgType>
<Event><![CDATA[VIEW]]></Event>
<EventKey><![CDATA[http://www.xyyhqhs8520.com/app/index.php?i=2&c=entry&do=geren&m=jy_ppp]]></EventKey>
<MenuId>407931548</MenuId>
</xml>

2016-08-12 07:38:21 params :
------------
Array:
rule : -2 ;
module :  ;
message : Array ;

2016-08-12 07:38:21 response :
------------

2016-08-12 07:38:58 trace :
------------
String:
<xml><ToUserName><![CDATA[gh_8ca78bc58dcf]]></ToUserName>
<FromUserName><![CDATA[oB3Llv6arKFe2lg2BohEKXC7cy5M]]></FromUserName>
<CreateTime>1470958738</CreateTime>
<MsgType><![CDATA[event]]></MsgType>
<Event><![CDATA[unsubscribe]]></Event>
<EventKey><![CDATA[]]></EventKey>
</xml>

2016-08-12 08:24:23 trace :
------------
String:
<xml><ToUserName><![CDATA[gh_8ca78bc58dcf]]></ToUserName>
<FromUserName><![CDATA[oB3Llv9KnOH0UEEH_8vd5DZOWKxc]]></FromUserName>
<CreateTime>1470961463</CreateTime>
<MsgType><![CDATA[event]]></MsgType>
<Event><![CDATA[VIEW]]></Event>
<EventKey><![CDATA[http://www.xyyhqhs8520.com/app/index.php?i=2&c=entry&do=index&m=jy_ppp]]></EventKey>
<MenuId>407931548</MenuId>
</xml>

2016-08-12 08:24:23 params :
------------
Array:
rule : -2 ;
module :  ;
message : Array ;

2016-08-12 08:24:23 response :
------------

2016-08-12 08:24:53 trace :
------------
String:
<xml><ToUserName><![CDATA[gh_8ca78bc58dcf]]></ToUserName>
<FromUserName><![CDATA[oB3Llv9KnOH0UEEH_8vd5DZOWKxc]]></FromUserName>
<CreateTime>1470961493</CreateTime>
<MsgType><![CDATA[event]]></MsgType>
<Event><![CDATA[VIEW]]></Event>
<EventKey><![CDATA[http://www.xyyhqhs8520.com/app/index.php?i=2&c=entry&do=mail&m=jy_ppp]]></EventKey>
<MenuId>407931548</MenuId>
</xml>

2016-08-12 08:24:53 params :
------------
Array:
rule : -2 ;
module :  ;
message : Array ;

2016-08-12 08:24:53 response :
------------

2016-08-12 10:18:10 trace :
------------
String:
<xml><ToUserName><![CDATA[gh_8ca78bc58dcf]]></ToUserName>
<FromUserName><![CDATA[oB3Llv9ye5IXuCd4tr02EBuYzshw]]></FromUserName>
<CreateTime>1470968290</CreateTime>
<MsgType><![CDATA[event]]></MsgType>
<Event><![CDATA[VIEW]]></Event>
<EventKey><![CDATA[http://www.xyyhqhs8520.com/app/index.php?i=2&c=entry&do=index&m=jy_ppp]]></EventKey>
<MenuId>407931548</MenuId>
</xml>

2016-08-12 10:18:10 params :
------------
Array:
rule : -2 ;
module :  ;
message : Array ;

2016-08-12 10:18:10 response :
------------

2016-08-12 11:10:03 trace :
------------
String:
<xml><ToUserName><![CDATA[gh_8ca78bc58dcf]]></ToUserName>
<FromUserName><![CDATA[oB3LlvxC5o3th9v3FtAcgr-AeQLs]]></FromUserName>
<CreateTime>1470971403</CreateTime>
<MsgType><![CDATA[event]]></MsgType>
<Event><![CDATA[subscribe]]></Event>
<EventKey><![CDATA[]]></EventKey>
</xml>

2016-08-12 11:10:03 params :
------------
Array:
rule : -2 ;
module :  ;
message : Array ;

2016-08-12 11:10:03 response :
------------

2016-08-12 11:10:10 trace :
------------
String:
<xml><ToUserName><![CDATA[gh_8ca78bc58dcf]]></ToUserName>
<FromUserName><![CDATA[oB3LlvxC5o3th9v3FtAcgr-AeQLs]]></FromUserName>
<CreateTime>1470971410</CreateTime>
<MsgType><![CDATA[event]]></MsgType>
<Event><![CDATA[VIEW]]></Event>
<EventKey><![CDATA[http://www.xyyhqhs8520.com/app/index.php?i=2&c=entry&do=index&m=jy_ppp]]></EventKey>
<MenuId>407931548</MenuId>
</xml>

2016-08-12 11:10:10 params :
------------
Array:
rule : -2 ;
module :  ;
message : Array ;

2016-08-12 11:10:10 response :
------------

2016-08-12 11:12:16 trace :
------------
String:
<xml><ToUserName><![CDATA[gh_8ca78bc58dcf]]></ToUserName>
<FromUserName><![CDATA[oB3Llv9KnOH0UEEH_8vd5DZOWKxc]]></FromUserName>
<CreateTime>1470971536</CreateTime>
<MsgType><![CDATA[event]]></MsgType>
<Event><![CDATA[VIEW]]></Event>
<EventKey><![CDATA[http://www.xyyhqhs8520.com/app/index.php?i=2&c=entry&do=index&m=jy_ppp]]></EventKey>
<MenuId>407931548</MenuId>
</xml>

2016-08-12 11:12:16 params :
------------
Array:
rule : -2 ;
module :  ;
message : Array ;

2016-08-12 11:12:16 response :
------------

2016-08-12 11:12:22 trace :
------------
String:
<xml><ToUserName><![CDATA[gh_8ca78bc58dcf]]></ToUserName>
<FromUserName><![CDATA[oB3LlvxC5o3th9v3FtAcgr-AeQLs]]></FromUserName>
<CreateTime>1470971542</CreateTime>
<MsgType><![CDATA[event]]></MsgType>
<Event><![CDATA[VIEW]]></Event>
<EventKey><![CDATA[http://www.xyyhqhs8520.com/app/index.php?i=2&c=entry&do=index&m=jy_ppp]]></EventKey>
<MenuId>407931548</MenuId>
</xml>

2016-08-12 11:12:22 params :
------------
Array:
rule : -2 ;
module :  ;
message : Array ;

2016-08-12 11:12:22 response :
------------

2016-08-12 11:12:57 trace :
------------
String:
<xml><ToUserName><![CDATA[gh_8ca78bc58dcf]]></ToUserName>
<FromUserName><![CDATA[oB3Llv9KnOH0UEEH_8vd5DZOWKxc]]></FromUserName>
<CreateTime>1470971577</CreateTime>
<MsgType><![CDATA[event]]></MsgType>
<Event><![CDATA[VIEW]]></Event>
<EventKey><![CDATA[http://www.xyyhqhs8520.com/app/index.php?i=2&c=entry&do=mail&m=jy_ppp]]></EventKey>
<MenuId>407931548</MenuId>
</xml>

2016-08-12 11:12:57 params :
------------
Array:
rule : -2 ;
module :  ;
message : Array ;

2016-08-12 11:12:57 response :
------------

2016-08-12 11:13:00 trace :
------------
String:
<xml><ToUserName><![CDATA[gh_8ca78bc58dcf]]></ToUserName>
<FromUserName><![CDATA[oB3Llv9KnOH0UEEH_8vd5DZOWKxc]]></FromUserName>
<CreateTime>1470971580</CreateTime>
<MsgType><![CDATA[event]]></MsgType>
<Event><![CDATA[VIEW]]></Event>
<EventKey><![CDATA[http://www.xyyhqhs8520.com/app/index.php?i=2&c=entry&do=geren&m=jy_ppp]]></EventKey>
<MenuId>407931548</MenuId>
</xml>

2016-08-12 11:13:00 params :
------------
Array:
rule : -2 ;
module :  ;
message : Array ;

2016-08-12 11:13:00 response :
------------

2016-08-12 11:14:33 trace :
------------
String:
<xml><ToUserName><![CDATA[gh_8ca78bc58dcf]]></ToUserName>
<FromUserName><![CDATA[oB3LlvxC5o3th9v3FtAcgr-AeQLs]]></FromUserName>
<CreateTime>1470971673</CreateTime>
<MsgType><![CDATA[event]]></MsgType>
<Event><![CDATA[VIEW]]></Event>
<EventKey><![CDATA[http://www.xyyhqhs8520.com/app/index.php?i=2&c=entry&do=index&m=jy_ppp]]></EventKey>
<MenuId>407931548</MenuId>
</xml>

2016-08-12 11:14:33 params :
------------
Array:
rule : -2 ;
module :  ;
message : Array ;

2016-08-12 11:14:33 response :
------------

2016-08-12 11:16:18 trace :
------------
String:
<xml><ToUserName><![CDATA[gh_8ca78bc58dcf]]></ToUserName>
<FromUserName><![CDATA[oB3LlvxC5o3th9v3FtAcgr-AeQLs]]></FromUserName>
<CreateTime>1470971778</CreateTime>
<MsgType><![CDATA[event]]></MsgType>
<Event><![CDATA[VIEW]]></Event>
<EventKey><![CDATA[http://www.xyyhqhs8520.com/app/index.php?i=2&c=entry&do=index&m=jy_ppp]]></EventKey>
<MenuId>407931548</MenuId>
</xml>

2016-08-12 11:16:18 params :
------------
Array:
rule : -2 ;
module :  ;
message : Array ;

2016-08-12 11:16:18 response :
------------

2016-08-12 11:24:08 trace :
------------
String:
<xml><ToUserName><![CDATA[gh_8ca78bc58dcf]]></ToUserName>
<FromUserName><![CDATA[oB3LlvxC5o3th9v3FtAcgr-AeQLs]]></FromUserName>
<CreateTime>1470972248</CreateTime>
<MsgType><![CDATA[event]]></MsgType>
<Event><![CDATA[VIEW]]></Event>
<EventKey><![CDATA[http://www.xyyhqhs8520.com/app/index.php?i=2&c=entry&do=mail&m=jy_ppp]]></EventKey>
<MenuId>407931548</MenuId>
</xml>

2016-08-12 11:24:08 params :
------------
Array:
rule : -2 ;
module :  ;
message : Array ;

2016-08-12 11:24:08 response :
------------

2016-08-12 11:27:07 trace :
------------
String:
<xml><ToUserName><![CDATA[gh_8ca78bc58dcf]]></ToUserName>
<FromUserName><![CDATA[oB3LlvxC5o3th9v3FtAcgr-AeQLs]]></FromUserName>
<CreateTime>1470972427</CreateTime>
<MsgType><![CDATA[text]]></MsgType>
<Content><![CDATA[无聊死了]]></Content>
<MsgId>6317778467690694135</MsgId>
</xml>

2016-08-12 11:27:07 params :
------------
Array:
rule : -2 ;
module :  ;
message : Array ;

2016-08-12 11:27:07 response :
------------

2016-08-12 11:27:39 trace :
------------
String:
<xml><ToUserName><![CDATA[gh_8ca78bc58dcf]]></ToUserName>
<FromUserName><![CDATA[oB3LlvxC5o3th9v3FtAcgr-AeQLs]]></FromUserName>
<CreateTime>1470972459</CreateTime>
<MsgType><![CDATA[event]]></MsgType>
<Event><![CDATA[unsubscribe]]></Event>
<EventKey><![CDATA[]]></EventKey>
</xml>

2016-08-12 11:28:43 trace :
------------
String:
<xml><ToUserName><![CDATA[gh_8ca78bc58dcf]]></ToUserName>
<FromUserName><![CDATA[oB3Llv4cyiqffyWoQLJAicHPvPR0]]></FromUserName>
<CreateTime>1470972522</CreateTime>
<MsgType><![CDATA[event]]></MsgType>
<Event><![CDATA[subscribe]]></Event>
<EventKey><![CDATA[]]></EventKey>
</xml>

2016-08-12 11:28:43 params :
------------
Array:
rule : -2 ;
module :  ;
message : Array ;

2016-08-12 11:28:43 response :
------------

2016-08-12 11:33:30 trace :
------------
String:
<xml><ToUserName><![CDATA[gh_8ca78bc58dcf]]></ToUserName>
<FromUserName><![CDATA[oB3Llv24rSD1kFkaDsarARpPyF0c]]></FromUserName>
<CreateTime>1470972810</CreateTime>
<MsgType><![CDATA[event]]></MsgType>
<Event><![CDATA[subscribe]]></Event>
<EventKey><![CDATA[]]></EventKey>
</xml>

2016-08-12 11:33:30 params :
------------
Array:
rule : -2 ;
module :  ;
message : Array ;

2016-08-12 11:33:30 response :
------------

2016-08-12 11:33:33 trace :
------------
String:
<xml><ToUserName><![CDATA[gh_8ca78bc58dcf]]></ToUserName>
<FromUserName><![CDATA[oB3Llv24rSD1kFkaDsarARpPyF0c]]></FromUserName>
<CreateTime>1470972813</CreateTime>
<MsgType><![CDATA[event]]></MsgType>
<Event><![CDATA[VIEW]]></Event>
<EventKey><![CDATA[http://www.xyyhqhs8520.com/app/index.php?i=2&c=entry&do=index&m=jy_ppp]]></EventKey>
<MenuId>407931548</MenuId>
</xml>

2016-08-12 11:33:33 params :
------------
Array:
rule : -2 ;
module :  ;
message : Array ;

2016-08-12 11:33:33 response :
------------

2016-08-12 11:35:08 trace :
------------
String:
<xml><ToUserName><![CDATA[gh_8ca78bc58dcf]]></ToUserName>
<FromUserName><![CDATA[oB3Llv24rSD1kFkaDsarARpPyF0c]]></FromUserName>
<CreateTime>1470972908</CreateTime>
<MsgType><![CDATA[event]]></MsgType>
<Event><![CDATA[VIEW]]></Event>
<EventKey><![CDATA[http://www.xyyhqhs8520.com/app/index.php?i=2&c=entry&do=mail&m=jy_ppp]]></EventKey>
<MenuId>407931548</MenuId>
</xml>

2016-08-12 11:35:08 params :
------------
Array:
rule : -2 ;
module :  ;
message : Array ;

2016-08-12 11:35:08 response :
------------

2016-08-12 11:35:16 trace :
------------
String:
<xml><ToUserName><![CDATA[gh_8ca78bc58dcf]]></ToUserName>
<FromUserName><![CDATA[oB3Llv24rSD1kFkaDsarARpPyF0c]]></FromUserName>
<CreateTime>1470972916</CreateTime>
<MsgType><![CDATA[event]]></MsgType>
<Event><![CDATA[VIEW]]></Event>
<EventKey><![CDATA[http://www.xyyhqhs8520.com/app/index.php?i=2&c=entry&do=index&m=jy_ppp]]></EventKey>
<MenuId>407931548</MenuId>
</xml>

2016-08-12 11:35:16 params :
------------
Array:
rule : -2 ;
module :  ;
message : Array ;

2016-08-12 11:35:16 response :
------------

2016-08-12 11:35:53 trace :
------------
String:
<xml><ToUserName><![CDATA[gh_8ca78bc58dcf]]></ToUserName>
<FromUserName><![CDATA[oB3LlvzTFSpi76H6ofg0MCjk-oIE]]></FromUserName>
<CreateTime>1470972953</CreateTime>
<MsgType><![CDATA[event]]></MsgType>
<Event><![CDATA[subscribe]]></Event>
<EventKey><![CDATA[]]></EventKey>
</xml>

2016-08-12 11:35:53 params :
------------
Array:
rule : -2 ;
module :  ;
message : Array ;

2016-08-12 11:35:53 response :
------------

2016-08-12 11:36:00 trace :
------------
String:
<xml><ToUserName><![CDATA[gh_8ca78bc58dcf]]></ToUserName>
<FromUserName><![CDATA[oB3LlvzTFSpi76H6ofg0MCjk-oIE]]></FromUserName>
<CreateTime>1470972960</CreateTime>
<MsgType><![CDATA[event]]></MsgType>
<Event><![CDATA[VIEW]]></Event>
<EventKey><![CDATA[http://www.xyyhqhs8520.com/app/index.php?i=2&c=entry&do=index&m=jy_ppp]]></EventKey>
<MenuId>407931548</MenuId>
</xml>

2016-08-12 11:36:00 params :
------------
Array:
rule : -2 ;
module :  ;
message : Array ;

2016-08-12 11:36:00 response :
------------

2016-08-12 11:36:15 trace :
------------
String:
<xml><ToUserName><![CDATA[gh_8ca78bc58dcf]]></ToUserName>
<FromUserName><![CDATA[oB3Llv3hkNGTs23_D3hSFEPyRX5Y]]></FromUserName>
<CreateTime>1470972975</CreateTime>
<MsgType><![CDATA[event]]></MsgType>
<Event><![CDATA[VIEW]]></Event>
<EventKey><![CDATA[http://www.xyyhqhs8520.com/app/index.php?i=2&c=entry&do=index&m=jy_ppp]]></EventKey>
<MenuId>407931548</MenuId>
</xml>

2016-08-12 11:36:15 params :
------------
Array:
rule : -2 ;
module :  ;
message : Array ;

2016-08-12 11:36:15 response :
------------

2016-08-12 11:38:44 trace :
------------
String:
<xml><ToUserName><![CDATA[gh_8ca78bc58dcf]]></ToUserName>
<FromUserName><![CDATA[oB3Llv24rSD1kFkaDsarARpPyF0c]]></FromUserName>
<CreateTime>1470973124</CreateTime>
<MsgType><![CDATA[event]]></MsgType>
<Event><![CDATA[VIEW]]></Event>
<EventKey><![CDATA[http://www.xyyhqhs8520.com/app/index.php?i=2&c=entry&do=index&m=jy_ppp]]></EventKey>
<MenuId>407931548</MenuId>
</xml>

2016-08-12 11:38:44 params :
------------
Array:
rule : -2 ;
module :  ;
message : Array ;

2016-08-12 11:38:44 response :
------------

2016-08-12 11:38:54 trace :
------------
String:
<xml><ToUserName><![CDATA[gh_8ca78bc58dcf]]></ToUserName>
<FromUserName><![CDATA[oB3Llv24rSD1kFkaDsarARpPyF0c]]></FromUserName>
<CreateTime>1470973134</CreateTime>
<MsgType><![CDATA[event]]></MsgType>
<Event><![CDATA[VIEW]]></Event>
<EventKey><![CDATA[http://www.xyyhqhs8520.com/app/index.php?i=2&c=entry&do=geren&m=jy_ppp]]></EventKey>
<MenuId>407931548</MenuId>
</xml>

2016-08-12 11:38:54 params :
------------
Array:
rule : -2 ;
module :  ;
message : Array ;

2016-08-12 11:38:54 response :
------------

2016-08-12 11:38:57 trace :
------------
String:
<xml><ToUserName><![CDATA[gh_8ca78bc58dcf]]></ToUserName>
<FromUserName><![CDATA[oB3Llv3hkNGTs23_D3hSFEPyRX5Y]]></FromUserName>
<CreateTime>1470973137</CreateTime>
<MsgType><![CDATA[event]]></MsgType>
<Event><![CDATA[unsubscribe]]></Event>
<EventKey><![CDATA[]]></EventKey>
</xml>

2016-08-12 13:46:54 trace :
------------
String:
<xml><ToUserName><![CDATA[gh_8ca78bc58dcf]]></ToUserName>
<FromUserName><![CDATA[oB3Llv9ye5IXuCd4tr02EBuYzshw]]></FromUserName>
<CreateTime>1470980813</CreateTime>
<MsgType><![CDATA[event]]></MsgType>
<Event><![CDATA[VIEW]]></Event>
<EventKey><![CDATA[http://www.xyyhqhs8520.com/app/index.php?i=2&c=entry&do=index&m=jy_ppp]]></EventKey>
<MenuId>407931548</MenuId>
</xml>

2016-08-12 13:46:54 params :
------------
Array:
rule : -2 ;
module :  ;
message : Array ;

2016-08-12 13:46:54 response :
------------

2016-08-12 13:51:24 trace :
------------
String:
<xml><ToUserName><![CDATA[gh_8ca78bc58dcf]]></ToUserName>
<FromUserName><![CDATA[oB3LlvyDp4nFm1owySiVrRPZofaQ]]></FromUserName>
<CreateTime>1470981084</CreateTime>
<MsgType><![CDATA[event]]></MsgType>
<Event><![CDATA[VIEW]]></Event>
<EventKey><![CDATA[http://www.xyyhqhs8520.com/app/index.php?i=2&c=entry&do=geren&m=jy_ppp]]></EventKey>
<MenuId>407931548</MenuId>
</xml>

2016-08-12 13:51:24 params :
------------
Array:
rule : -2 ;
module :  ;
message : Array ;

2016-08-12 13:51:24 response :
------------

2016-08-12 13:51:59 trace :
------------
String:
<xml><ToUserName><![CDATA[gh_8ca78bc58dcf]]></ToUserName>
<FromUserName><![CDATA[oB3LlvzTFSpi76H6ofg0MCjk-oIE]]></FromUserName>
<CreateTime>1470981119</CreateTime>
<MsgType><![CDATA[text]]></MsgType>
<Content><![CDATA[你好啊]]></Content>
<MsgId>6317815799546437796</MsgId>
</xml>

2016-08-12 13:51:59 params :
------------
Array:
rule : -2 ;
module :  ;
message : Array ;

2016-08-12 13:51:59 response :
------------

2016-08-12 13:53:01 trace :
------------
String:
<xml><ToUserName><![CDATA[gh_8ca78bc58dcf]]></ToUserName>
<FromUserName><![CDATA[oB3Llv24rSD1kFkaDsarARpPyF0c]]></FromUserName>
<CreateTime>1470981180</CreateTime>
<MsgType><![CDATA[text]]></MsgType>
<Content><![CDATA[你谁啊]]></Content>
<MsgId>6317816061539442870</MsgId>
</xml>

2016-08-12 13:53:01 params :
------------
Array:
rule : -2 ;
module :  ;
message : Array ;

2016-08-12 13:53:01 response :
------------

2016-08-12 13:53:25 trace :
------------
String:
<xml><ToUserName><![CDATA[gh_8ca78bc58dcf]]></ToUserName>
<FromUserName><![CDATA[oB3LlvzTFSpi76H6ofg0MCjk-oIE]]></FromUserName>
<CreateTime>1470981205</CreateTime>
<MsgType><![CDATA[text]]></MsgType>
<Content><![CDATA[我们？]]></Content>
<MsgId>6317816168913625272</MsgId>
</xml>

2016-08-12 13:53:25 params :
------------
Array:
rule : -2 ;
module :  ;
message : Array ;

2016-08-12 13:53:25 response :
------------

2016-08-12 13:56:18 trace :
------------
String:
<xml><ToUserName><![CDATA[gh_8ca78bc58dcf]]></ToUserName>
<FromUserName><![CDATA[oB3Llv9ye5IXuCd4tr02EBuYzshw]]></FromUserName>
<CreateTime>1470981378</CreateTime>
<MsgType><![CDATA[event]]></MsgType>
<Event><![CDATA[VIEW]]></Event>
<EventKey><![CDATA[http://www.xyyhqhs8520.com/app/index.php?i=2&c=entry&do=geren&m=jy_ppp]]></EventKey>
<MenuId>407931548</MenuId>
</xml>

2016-08-12 13:56:18 params :
------------
Array:
rule : -2 ;
module :  ;
message : Array ;

2016-08-12 13:56:18 response :
------------

2016-08-12 13:56:25 trace :
------------
String:
<xml><ToUserName><![CDATA[gh_8ca78bc58dcf]]></ToUserName>
<FromUserName><![CDATA[oB3Llv9ye5IXuCd4tr02EBuYzshw]]></FromUserName>
<CreateTime>1470981385</CreateTime>
<MsgType><![CDATA[event]]></MsgType>
<Event><![CDATA[VIEW]]></Event>
<EventKey><![CDATA[http://www.xyyhqhs8520.com/app/index.php?i=2&c=entry&do=mail&m=jy_ppp]]></EventKey>
<MenuId>407931548</MenuId>
</xml>

2016-08-12 13:56:25 params :
------------
Array:
rule : -2 ;
module :  ;
message : Array ;

2016-08-12 13:56:25 response :
------------

2016-08-12 13:56:27 trace :
------------
String:
<xml><ToUserName><![CDATA[gh_8ca78bc58dcf]]></ToUserName>
<FromUserName><![CDATA[oB3Llv9ye5IXuCd4tr02EBuYzshw]]></FromUserName>
<CreateTime>1470981386</CreateTime>
<MsgType><![CDATA[event]]></MsgType>
<Event><![CDATA[VIEW]]></Event>
<EventKey><![CDATA[http://www.xyyhqhs8520.com/app/index.php?i=2&c=entry&do=geren&m=jy_ppp]]></EventKey>
<MenuId>407931548</MenuId>
</xml>

2016-08-12 13:56:27 params :
------------
Array:
rule : -2 ;
module :  ;
message : Array ;

2016-08-12 13:56:27 response :
------------

2016-08-12 15:16:17 trace :
------------
String:
<xml><ToUserName><![CDATA[gh_8ca78bc58dcf]]></ToUserName>
<FromUserName><![CDATA[oB3Llv8dd_6oG327_jHV3hOrrsC4]]></FromUserName>
<CreateTime>1470986176</CreateTime>
<MsgType><![CDATA[event]]></MsgType>
<Event><![CDATA[subscribe]]></Event>
<EventKey><![CDATA[]]></EventKey>
</xml>

2016-08-12 15:16:17 params :
------------
Array:
rule : -2 ;
module :  ;
message : Array ;

2016-08-12 15:16:17 response :
------------

2016-08-12 15:16:22 trace :
------------
String:
<xml><ToUserName><![CDATA[gh_8ca78bc58dcf]]></ToUserName>
<FromUserName><![CDATA[oB3Llv8dd_6oG327_jHV3hOrrsC4]]></FromUserName>
<CreateTime>1470986182</CreateTime>
<MsgType><![CDATA[event]]></MsgType>
<Event><![CDATA[VIEW]]></Event>
<EventKey><![CDATA[http://www.xyyhqhs8520.com/app/index.php?i=2&c=entry&do=geren&m=jy_ppp]]></EventKey>
<MenuId>407931548</MenuId>
</xml>

2016-08-12 15:16:22 params :
------------
Array:
rule : -2 ;
module :  ;
message : Array ;

2016-08-12 15:16:22 response :
------------

2016-08-12 15:22:05 trace :
------------
String:
<xml><ToUserName><![CDATA[gh_8ca78bc58dcf]]></ToUserName>
<FromUserName><![CDATA[oB3Llv8dd_6oG327_jHV3hOrrsC4]]></FromUserName>
<CreateTime>1470986524</CreateTime>
<MsgType><![CDATA[event]]></MsgType>
<Event><![CDATA[unsubscribe]]></Event>
<EventKey><![CDATA[]]></EventKey>
</xml>

2016-08-12 17:47:08 trace :
------------
String:
<xml><ToUserName><![CDATA[gh_8ca78bc58dcf]]></ToUserName>
<FromUserName><![CDATA[oB3LlvyDp4nFm1owySiVrRPZofaQ]]></FromUserName>
<CreateTime>1470995228</CreateTime>
<MsgType><![CDATA[event]]></MsgType>
<Event><![CDATA[VIEW]]></Event>
<EventKey><![CDATA[http://www.xyyhqhs8520.com/app/index.php?i=2&c=entry&do=index&m=jy_ppp]]></EventKey>
<MenuId>407931548</MenuId>
</xml>

2016-08-12 17:47:08 params :
------------
Array:
rule : -2 ;
module :  ;
message : Array ;

2016-08-12 17:47:08 response :
------------

2016-08-12 17:47:49 trace :
------------
String:
<xml><ToUserName><![CDATA[gh_8ca78bc58dcf]]></ToUserName>
<FromUserName><![CDATA[oB3LlvyDp4nFm1owySiVrRPZofaQ]]></FromUserName>
<CreateTime>1470995269</CreateTime>
<MsgType><![CDATA[event]]></MsgType>
<Event><![CDATA[VIEW]]></Event>
<EventKey><![CDATA[http://www.xyyhqhs8520.com/app/index.php?i=2&c=entry&do=geren&m=jy_ppp]]></EventKey>
<MenuId>407931548</MenuId>
</xml>

2016-08-12 17:47:49 params :
------------
Array:
rule : -2 ;
module :  ;
message : Array ;

2016-08-12 17:47:49 response :
------------

2016-08-12 17:48:42 trace :
------------
String:
<xml><ToUserName><![CDATA[gh_8ca78bc58dcf]]></ToUserName>
<FromUserName><![CDATA[oB3LlvyDp4nFm1owySiVrRPZofaQ]]></FromUserName>
<CreateTime>1470995322</CreateTime>
<MsgType><![CDATA[event]]></MsgType>
<Event><![CDATA[VIEW]]></Event>
<EventKey><![CDATA[http://www.xyyhqhs8520.com/app/index.php?i=2&c=entry&do=geren&m=jy_ppp]]></EventKey>
<MenuId>407931548</MenuId>
</xml>

2016-08-12 17:48:42 params :
------------
Array:
rule : -2 ;
module :  ;
message : Array ;

2016-08-12 17:48:42 response :
------------

2016-08-12 18:17:54 trace :
------------
String:
<xml><ToUserName><![CDATA[gh_8ca78bc58dcf]]></ToUserName>
<FromUserName><![CDATA[oB3Llv6t3gEhRuMp2vAAk6X6XATs]]></FromUserName>
<CreateTime>1470997074</CreateTime>
<MsgType><![CDATA[event]]></MsgType>
<Event><![CDATA[subscribe]]></Event>
<EventKey><![CDATA[]]></EventKey>
</xml>

2016-08-12 18:17:54 params :
------------
Array:
rule : -2 ;
module :  ;
message : Array ;

2016-08-12 18:17:54 response :
------------

2016-08-12 18:17:58 trace :
------------
String:
<xml><ToUserName><![CDATA[gh_8ca78bc58dcf]]></ToUserName>
<FromUserName><![CDATA[oB3Llv6t3gEhRuMp2vAAk6X6XATs]]></FromUserName>
<CreateTime>1470997078</CreateTime>
<MsgType><![CDATA[event]]></MsgType>
<Event><![CDATA[VIEW]]></Event>
<EventKey><![CDATA[http://www.xyyhqhs8520.com/app/index.php?i=2&c=entry&do=index&m=jy_ppp]]></EventKey>
<MenuId>407931548</MenuId>
</xml>

2016-08-12 18:17:58 params :
------------
Array:
rule : -2 ;
module :  ;
message : Array ;

2016-08-12 18:17:58 response :
------------

2016-08-12 18:36:43 trace :
------------
String:
<xml><ToUserName><![CDATA[gh_8ca78bc58dcf]]></ToUserName>
<FromUserName><![CDATA[oB3Llv6t3gEhRuMp2vAAk6X6XATs]]></FromUserName>
<CreateTime>1470998203</CreateTime>
<MsgType><![CDATA[event]]></MsgType>
<Event><![CDATA[unsubscribe]]></Event>
<EventKey><![CDATA[]]></EventKey>
</xml>

2016-08-12 19:16:50 trace :
------------
String:
<xml><ToUserName><![CDATA[gh_8ca78bc58dcf]]></ToUserName>
<FromUserName><![CDATA[oB3Llv9LHFrsAL9uSlflHxbEelHU]]></FromUserName>
<CreateTime>1471000610</CreateTime>
<MsgType><![CDATA[event]]></MsgType>
<Event><![CDATA[VIEW]]></Event>
<EventKey><![CDATA[http://www.xyyhqhs8520.com/app/index.php?i=2&c=entry&do=index&m=jy_ppp]]></EventKey>
<MenuId>407931548</MenuId>
</xml>

2016-08-12 19:16:50 params :
------------
Array:
rule : -2 ;
module :  ;
message : Array ;

2016-08-12 19:16:50 response :
------------

2016-08-12 19:19:28 trace :
------------
String:
<xml><ToUserName><![CDATA[gh_8ca78bc58dcf]]></ToUserName>
<FromUserName><![CDATA[oB3LlvxUji1vgEGwygLA2btDyByw]]></FromUserName>
<CreateTime>1471000768</CreateTime>
<MsgType><![CDATA[event]]></MsgType>
<Event><![CDATA[VIEW]]></Event>
<EventKey><![CDATA[http://www.xyyhqhs8520.com/app/index.php?i=2&c=entry&do=index&m=jy_ppp]]></EventKey>
<MenuId>407931548</MenuId>
</xml>

2016-08-12 19:19:28 params :
------------
Array:
rule : -2 ;
module :  ;
message : Array ;

2016-08-12 19:19:28 response :
------------

2016-08-12 19:19:45 trace :
------------
String:
<xml><ToUserName><![CDATA[gh_8ca78bc58dcf]]></ToUserName>
<FromUserName><![CDATA[oB3LlvxUji1vgEGwygLA2btDyByw]]></FromUserName>
<CreateTime>1471000785</CreateTime>
<MsgType><![CDATA[event]]></MsgType>
<Event><![CDATA[VIEW]]></Event>
<EventKey><![CDATA[http://www.xyyhqhs8520.com/app/index.php?i=2&c=entry&do=mail&m=jy_ppp]]></EventKey>
<MenuId>407931548</MenuId>
</xml>

2016-08-12 19:19:45 params :
------------
Array:
rule : -2 ;
module :  ;
message : Array ;

2016-08-12 19:19:45 response :
------------

2016-08-12 19:20:17 trace :
------------
String:
<xml><ToUserName><![CDATA[gh_8ca78bc58dcf]]></ToUserName>
<FromUserName><![CDATA[oB3LlvxUji1vgEGwygLA2btDyByw]]></FromUserName>
<CreateTime>1471000817</CreateTime>
<MsgType><![CDATA[event]]></MsgType>
<Event><![CDATA[VIEW]]></Event>
<EventKey><![CDATA[http://www.xyyhqhs8520.com/app/index.php?i=2&c=entry&do=geren&m=jy_ppp]]></EventKey>
<MenuId>407931548</MenuId>
</xml>

2016-08-12 19:20:17 params :
------------
Array:
rule : -2 ;
module :  ;
message : Array ;

2016-08-12 19:20:17 response :
------------

2016-08-12 19:20:50 trace :
------------
String:
<xml><ToUserName><![CDATA[gh_8ca78bc58dcf]]></ToUserName>
<FromUserName><![CDATA[oB3Llv9LHFrsAL9uSlflHxbEelHU]]></FromUserName>
<CreateTime>1471000850</CreateTime>
<MsgType><![CDATA[event]]></MsgType>
<Event><![CDATA[VIEW]]></Event>
<EventKey><![CDATA[http://www.xyyhqhs8520.com/app/index.php?i=2&c=entry&do=index&m=jy_ppp]]></EventKey>
<MenuId>407931548</MenuId>
</xml>

2016-08-12 19:20:50 params :
------------
Array:
rule : -2 ;
module :  ;
message : Array ;

2016-08-12 19:20:50 response :
------------

2016-08-12 19:20:53 trace :
------------
String:
<xml><ToUserName><![CDATA[gh_8ca78bc58dcf]]></ToUserName>
<FromUserName><![CDATA[oB3Llv9LHFrsAL9uSlflHxbEelHU]]></FromUserName>
<CreateTime>1471000853</CreateTime>
<MsgType><![CDATA[event]]></MsgType>
<Event><![CDATA[VIEW]]></Event>
<EventKey><![CDATA[http://www.xyyhqhs8520.com/app/index.php?i=2&c=entry&do=mail&m=jy_ppp]]></EventKey>
<MenuId>407931548</MenuId>
</xml>

2016-08-12 19:20:53 params :
------------
Array:
rule : -2 ;
module :  ;
message : Array ;

2016-08-12 19:20:53 response :
------------

2016-08-12 19:22:37 trace :
------------
String:
<xml><ToUserName><![CDATA[gh_8ca78bc58dcf]]></ToUserName>
<FromUserName><![CDATA[oB3Llv_UOLlcEOIUvt4ifPbKwMAc]]></FromUserName>
<CreateTime>1471000956</CreateTime>
<MsgType><![CDATA[event]]></MsgType>
<Event><![CDATA[subscribe]]></Event>
<EventKey><![CDATA[]]></EventKey>
</xml>

2016-08-12 19:22:37 params :
------------
Array:
rule : -2 ;
module :  ;
message : Array ;

2016-08-12 19:22:37 response :
------------

2016-08-12 19:22:40 trace :
------------
String:
<xml><ToUserName><![CDATA[gh_8ca78bc58dcf]]></ToUserName>
<FromUserName><![CDATA[oB3Llv_UOLlcEOIUvt4ifPbKwMAc]]></FromUserName>
<CreateTime>1471000960</CreateTime>
<MsgType><![CDATA[event]]></MsgType>
<Event><![CDATA[VIEW]]></Event>
<EventKey><![CDATA[http://www.xyyhqhs8520.com/app/index.php?i=2&c=entry&do=index&m=jy_ppp]]></EventKey>
<MenuId>407931548</MenuId>
</xml>

2016-08-12 19:22:40 params :
------------
Array:
rule : -2 ;
module :  ;
message : Array ;

2016-08-12 19:22:40 response :
------------

2016-08-12 20:15:36 trace :
------------
String:
<xml><ToUserName><![CDATA[gh_8ca78bc58dcf]]></ToUserName>
<FromUserName><![CDATA[oB3Llv9NbduFgq0C_tMP4Idgyzas]]></FromUserName>
<CreateTime>1471004136</CreateTime>
<MsgType><![CDATA[event]]></MsgType>
<Event><![CDATA[subscribe]]></Event>
<EventKey><![CDATA[]]></EventKey>
</xml>

2016-08-12 20:15:36 params :
------------
Array:
rule : -2 ;
module :  ;
message : Array ;

2016-08-12 20:15:36 response :
------------

2016-08-12 20:15:42 trace :
------------
String:
<xml><ToUserName><![CDATA[gh_8ca78bc58dcf]]></ToUserName>
<FromUserName><![CDATA[oB3Llv9NbduFgq0C_tMP4Idgyzas]]></FromUserName>
<CreateTime>1471004142</CreateTime>
<MsgType><![CDATA[event]]></MsgType>
<Event><![CDATA[VIEW]]></Event>
<EventKey><![CDATA[http://www.xyyhqhs8520.com/app/index.php?i=2&c=entry&do=index&m=jy_ppp]]></EventKey>
<MenuId>407931548</MenuId>
</xml>

2016-08-12 20:15:42 params :
------------
Array:
rule : -2 ;
module :  ;
message : Array ;

2016-08-12 20:15:42 response :
------------

2016-08-12 20:16:15 trace :
------------
String:
<xml><ToUserName><![CDATA[gh_8ca78bc58dcf]]></ToUserName>
<FromUserName><![CDATA[oB3Llv9NbduFgq0C_tMP4Idgyzas]]></FromUserName>
<CreateTime>1471004175</CreateTime>
<MsgType><![CDATA[event]]></MsgType>
<Event><![CDATA[VIEW]]></Event>
<EventKey><![CDATA[http://www.xyyhqhs8520.com/app/index.php?i=2&c=entry&do=index&m=jy_ppp]]></EventKey>
<MenuId>407931548</MenuId>
</xml>

2016-08-12 20:16:15 params :
------------
Array:
rule : -2 ;
module :  ;
message : Array ;

2016-08-12 20:16:15 response :
------------

2016-08-12 20:16:57 trace :
------------
String:
<xml><ToUserName><![CDATA[gh_8ca78bc58dcf]]></ToUserName>
<FromUserName><![CDATA[oB3Llv9NbduFgq0C_tMP4Idgyzas]]></FromUserName>
<CreateTime>1471004217</CreateTime>
<MsgType><![CDATA[event]]></MsgType>
<Event><![CDATA[VIEW]]></Event>
<EventKey><![CDATA[http://www.xyyhqhs8520.com/app/index.php?i=2&c=entry&do=index&m=jy_ppp]]></EventKey>
<MenuId>407931548</MenuId>
</xml>

2016-08-12 20:16:57 params :
------------
Array:
rule : -2 ;
module :  ;
message : Array ;

2016-08-12 20:16:57 response :
------------

2016-08-12 20:17:45 trace :
------------
String:
<xml><ToUserName><![CDATA[gh_8ca78bc58dcf]]></ToUserName>
<FromUserName><![CDATA[oB3Llv9NbduFgq0C_tMP4Idgyzas]]></FromUserName>
<CreateTime>1471004265</CreateTime>
<MsgType><![CDATA[event]]></MsgType>
<Event><![CDATA[VIEW]]></Event>
<EventKey><![CDATA[http://www.xyyhqhs8520.com/app/index.php?i=2&c=entry&do=index&m=jy_ppp]]></EventKey>
<MenuId>407931548</MenuId>
</xml>

2016-08-12 20:17:45 params :
------------
Array:
rule : -2 ;
module :  ;
message : Array ;

2016-08-12 20:17:45 response :
------------

2016-08-12 20:18:36 trace :
------------
String:
<xml><ToUserName><![CDATA[gh_8ca78bc58dcf]]></ToUserName>
<FromUserName><![CDATA[oB3Llv9NbduFgq0C_tMP4Idgyzas]]></FromUserName>
<CreateTime>1471004316</CreateTime>
<MsgType><![CDATA[event]]></MsgType>
<Event><![CDATA[VIEW]]></Event>
<EventKey><![CDATA[http://www.xyyhqhs8520.com/app/index.php?i=2&c=entry&do=index&m=jy_ppp]]></EventKey>
<MenuId>407931548</MenuId>
</xml>

2016-08-12 20:18:36 params :
------------
Array:
rule : -2 ;
module :  ;
message : Array ;

2016-08-12 20:18:36 response :
------------

2016-08-12 20:18:42 trace :
------------
String:
<xml><ToUserName><![CDATA[gh_8ca78bc58dcf]]></ToUserName>
<FromUserName><![CDATA[oB3Llv9NbduFgq0C_tMP4Idgyzas]]></FromUserName>
<CreateTime>1471004322</CreateTime>
<MsgType><![CDATA[event]]></MsgType>
<Event><![CDATA[VIEW]]></Event>
<EventKey><![CDATA[http://www.xyyhqhs8520.com/app/index.php?i=2&c=entry&do=index&m=jy_ppp]]></EventKey>
<MenuId>407931548</MenuId>
</xml>

2016-08-12 20:18:42 params :
------------
Array:
rule : -2 ;
module :  ;
message : Array ;

2016-08-12 20:18:42 response :
------------

2016-08-12 20:20:04 trace :
------------
String:
<xml><ToUserName><![CDATA[gh_8ca78bc58dcf]]></ToUserName>
<FromUserName><![CDATA[oB3Llv9NbduFgq0C_tMP4Idgyzas]]></FromUserName>
<CreateTime>1471004404</CreateTime>
<MsgType><![CDATA[event]]></MsgType>
<Event><![CDATA[VIEW]]></Event>
<EventKey><![CDATA[http://www.xyyhqhs8520.com/app/index.php?i=2&c=entry&do=index&m=jy_ppp]]></EventKey>
<MenuId>407931548</MenuId>
</xml>

2016-08-12 20:20:04 params :
------------
Array:
rule : -2 ;
module :  ;
message : Array ;

2016-08-12 20:20:04 response :
------------

2016-08-12 20:22:01 trace :
------------
String:
<xml><ToUserName><![CDATA[gh_8ca78bc58dcf]]></ToUserName>
<FromUserName><![CDATA[oB3Llv9NbduFgq0C_tMP4Idgyzas]]></FromUserName>
<CreateTime>1471004521</CreateTime>
<MsgType><![CDATA[event]]></MsgType>
<Event><![CDATA[VIEW]]></Event>
<EventKey><![CDATA[http://www.xyyhqhs8520.com/app/index.php?i=2&c=entry&do=index&m=jy_ppp]]></EventKey>
<MenuId>407931548</MenuId>
</xml>

2016-08-12 20:22:01 params :
------------
Array:
rule : -2 ;
module :  ;
message : Array ;

2016-08-12 20:22:01 response :
------------

2016-08-12 20:28:38 trace :
------------
String:
<xml><ToUserName><![CDATA[gh_8ca78bc58dcf]]></ToUserName>
<FromUserName><![CDATA[oB3Llv9NbduFgq0C_tMP4Idgyzas]]></FromUserName>
<CreateTime>1471004918</CreateTime>
<MsgType><![CDATA[event]]></MsgType>
<Event><![CDATA[VIEW]]></Event>
<EventKey><![CDATA[http://www.xyyhqhs8520.com/app/index.php?i=2&c=entry&do=index&m=jy_ppp]]></EventKey>
<MenuId>407931548</MenuId>
</xml>

2016-08-12 20:28:38 params :
------------
Array:
rule : -2 ;
module :  ;
message : Array ;

2016-08-12 20:28:38 response :
------------

2016-08-12 20:29:14 trace :
------------
String:
<xml><ToUserName><![CDATA[gh_8ca78bc58dcf]]></ToUserName>
<FromUserName><![CDATA[oB3Llv9NbduFgq0C_tMP4Idgyzas]]></FromUserName>
<CreateTime>1471004954</CreateTime>
<MsgType><![CDATA[event]]></MsgType>
<Event><![CDATA[unsubscribe]]></Event>
<EventKey><![CDATA[]]></EventKey>
</xml>

2016-08-12 22:19:15 trace :
------------
String:
<xml><ToUserName><![CDATA[gh_8ca78bc58dcf]]></ToUserName>
<FromUserName><![CDATA[oB3Llvxila-s5P2V3wmGmnzk4esw]]></FromUserName>
<CreateTime>1471011555</CreateTime>
<MsgType><![CDATA[event]]></MsgType>
<Event><![CDATA[subscribe]]></Event>
<EventKey><![CDATA[]]></EventKey>
</xml>

2016-08-12 22:19:15 params :
------------
Array:
rule : -2 ;
module :  ;
message : Array ;

2016-08-12 22:19:15 response :
------------

2016-08-12 22:19:26 trace :
------------
String:
<xml><ToUserName><![CDATA[gh_8ca78bc58dcf]]></ToUserName>
<FromUserName><![CDATA[oB3Llvxila-s5P2V3wmGmnzk4esw]]></FromUserName>
<CreateTime>1471011566</CreateTime>
<MsgType><![CDATA[event]]></MsgType>
<Event><![CDATA[VIEW]]></Event>
<EventKey><![CDATA[http://www.xyyhqhs8520.com/app/index.php?i=2&c=entry&do=index&m=jy_ppp]]></EventKey>
<MenuId>407931548</MenuId>
</xml>

2016-08-12 22:19:26 params :
------------
Array:
rule : -2 ;
module :  ;
message : Array ;

2016-08-12 22:19:26 response :
------------

2016-08-12 22:20:42 trace :
------------
String:
<xml><ToUserName><![CDATA[gh_8ca78bc58dcf]]></ToUserName>
<FromUserName><![CDATA[oB3Llvxila-s5P2V3wmGmnzk4esw]]></FromUserName>
<CreateTime>1471011642</CreateTime>
<MsgType><![CDATA[event]]></MsgType>
<Event><![CDATA[VIEW]]></Event>
<EventKey><![CDATA[http://www.xyyhqhs8520.com/app/index.php?i=2&c=entry&do=mail&m=jy_ppp]]></EventKey>
<MenuId>407931548</MenuId>
</xml>

2016-08-12 22:20:42 params :
------------
Array:
rule : -2 ;
module :  ;
message : Array ;

2016-08-12 22:20:42 response :
------------

2016-08-12 22:21:09 trace :
------------
String:
<xml><ToUserName><![CDATA[gh_8ca78bc58dcf]]></ToUserName>
<FromUserName><![CDATA[oB3Llvxila-s5P2V3wmGmnzk4esw]]></FromUserName>
<CreateTime>1471011669</CreateTime>
<MsgType><![CDATA[event]]></MsgType>
<Event><![CDATA[unsubscribe]]></Event>
<EventKey><![CDATA[]]></EventKey>
</xml>

2016-08-12 22:26:03 trace :
------------
String:
<xml><ToUserName><![CDATA[gh_8ca78bc58dcf]]></ToUserName>
<FromUserName><![CDATA[oB3LlvyDp4nFm1owySiVrRPZofaQ]]></FromUserName>
<CreateTime>1471011963</CreateTime>
<MsgType><![CDATA[event]]></MsgType>
<Event><![CDATA[VIEW]]></Event>
<EventKey><![CDATA[http://www.xyyhqhs8520.com/app/index.php?i=2&c=entry&do=index&m=jy_ppp]]></EventKey>
<MenuId>407931548</MenuId>
</xml>

2016-08-12 22:26:03 params :
------------
Array:
rule : -2 ;
module :  ;
message : Array ;

2016-08-12 22:26:03 response :
------------

2016-08-12 22:26:58 trace :
------------
String:
<xml><ToUserName><![CDATA[gh_8ca78bc58dcf]]></ToUserName>
<FromUserName><![CDATA[oB3LlvyDp4nFm1owySiVrRPZofaQ]]></FromUserName>
<CreateTime>1471012018</CreateTime>
<MsgType><![CDATA[event]]></MsgType>
<Event><![CDATA[VIEW]]></Event>
<EventKey><![CDATA[http://www.xyyhqhs8520.com/app/index.php?i=2&c=entry&do=geren&m=jy_ppp]]></EventKey>
<MenuId>407931548</MenuId>
</xml>

2016-08-12 22:26:58 params :
------------
Array:
rule : -2 ;
module :  ;
message : Array ;

2016-08-12 22:26:58 response :
------------

2016-08-12 23:22:13 trace :
------------
String:
<xml><ToUserName><![CDATA[gh_8ca78bc58dcf]]></ToUserName>
<FromUserName><![CDATA[oB3Llv3vi06azeINFB2uMY4AJzmg]]></FromUserName>
<CreateTime>1471015333</CreateTime>
<MsgType><![CDATA[event]]></MsgType>
<Event><![CDATA[subscribe]]></Event>
<EventKey><![CDATA[]]></EventKey>
</xml>

2016-08-12 23:22:13 params :
------------
Array:
rule : -2 ;
module :  ;
message : Array ;

2016-08-12 23:22:13 response :
------------

2016-08-12 23:22:23 trace :
------------
String:
<xml><ToUserName><![CDATA[gh_8ca78bc58dcf]]></ToUserName>
<FromUserName><![CDATA[oB3Llv3vi06azeINFB2uMY4AJzmg]]></FromUserName>
<CreateTime>1471015343</CreateTime>
<MsgType><![CDATA[event]]></MsgType>
<Event><![CDATA[VIEW]]></Event>
<EventKey><![CDATA[http://www.xyyhqhs8520.com/app/index.php?i=2&c=entry&do=index&m=jy_ppp]]></EventKey>
<MenuId>407931548</MenuId>
</xml>

2016-08-12 23:22:23 params :
------------
Array:
rule : -2 ;
module :  ;
message : Array ;

2016-08-12 23:22:23 response :
------------

2016-08-12 23:24:48 trace :
------------
String:
<xml><ToUserName><![CDATA[gh_8ca78bc58dcf]]></ToUserName>
<FromUserName><![CDATA[oB3Llv3vi06azeINFB2uMY4AJzmg]]></FromUserName>
<CreateTime>1471015488</CreateTime>
<MsgType><![CDATA[event]]></MsgType>
<Event><![CDATA[VIEW]]></Event>
<EventKey><![CDATA[http://www.xyyhqhs8520.com/app/index.php?i=2&c=entry&do=index&m=jy_ppp]]></EventKey>
<MenuId>407931548</MenuId>
</xml>

2016-08-12 23:24:48 params :
------------
Array:
rule : -2 ;
module :  ;
message : Array ;

2016-08-12 23:24:48 response :
------------

2016-08-12 23:26:39 trace :
------------
String:
<xml><ToUserName><![CDATA[gh_8ca78bc58dcf]]></ToUserName>
<FromUserName><![CDATA[oB3Llv3vi06azeINFB2uMY4AJzmg]]></FromUserName>
<CreateTime>1471015599</CreateTime>
<MsgType><![CDATA[event]]></MsgType>
<Event><![CDATA[VIEW]]></Event>
<EventKey><![CDATA[http://www.xyyhqhs8520.com/app/index.php?i=2&c=entry&do=mail&m=jy_ppp]]></EventKey>
<MenuId>407931548</MenuId>
</xml>

2016-08-12 23:26:39 params :
------------
Array:
rule : -2 ;
module :  ;
message : Array ;

2016-08-12 23:26:39 response :
------------

2016-08-12 23:27:16 trace :
------------
String:
<xml><ToUserName><![CDATA[gh_8ca78bc58dcf]]></ToUserName>
<FromUserName><![CDATA[oB3Llv3vi06azeINFB2uMY4AJzmg]]></FromUserName>
<CreateTime>1471015636</CreateTime>
<MsgType><![CDATA[event]]></MsgType>
<Event><![CDATA[VIEW]]></Event>
<EventKey><![CDATA[http://www.xyyhqhs8520.com/app/index.php?i=2&c=entry&do=index&m=jy_ppp]]></EventKey>
<MenuId>407931548</MenuId>
</xml>

2016-08-12 23:27:16 params :
------------
Array:
rule : -2 ;
module :  ;
message : Array ;

2016-08-12 23:27:16 response :
------------

2016-08-12 23:28:30 trace :
------------
String:
<xml><ToUserName><![CDATA[gh_8ca78bc58dcf]]></ToUserName>
<FromUserName><![CDATA[oB3Llv3vi06azeINFB2uMY4AJzmg]]></FromUserName>
<CreateTime>1471015710</CreateTime>
<MsgType><![CDATA[event]]></MsgType>
<Event><![CDATA[VIEW]]></Event>
<EventKey><![CDATA[http://www.xyyhqhs8520.com/app/index.php?i=2&c=entry&do=index&m=jy_ppp]]></EventKey>
<MenuId>407931548</MenuId>
</xml>

2016-08-12 23:28:30 params :
------------
Array:
rule : -2 ;
module :  ;
message : Array ;

2016-08-12 23:28:30 response :
------------

2016-08-12 23:38:00 trace :
------------
String:
<xml><ToUserName><![CDATA[gh_8ca78bc58dcf]]></ToUserName>
<FromUserName><![CDATA[oB3Llv3vi06azeINFB2uMY4AJzmg]]></FromUserName>
<CreateTime>1471016280</CreateTime>
<MsgType><![CDATA[event]]></MsgType>
<Event><![CDATA[VIEW]]></Event>
<EventKey><![CDATA[http://www.xyyhqhs8520.com/app/index.php?i=2&c=entry&do=mail&m=jy_ppp]]></EventKey>
<MenuId>407931548</MenuId>
</xml>

2016-08-12 23:38:00 params :
------------
Array:
rule : -2 ;
module :  ;
message : Array ;

2016-08-12 23:38:00 response :
------------

2016-08-12 23:47:25 trace :
------------
String:
<xml><ToUserName><![CDATA[gh_8ca78bc58dcf]]></ToUserName>
<FromUserName><![CDATA[oB3Llv3vi06azeINFB2uMY4AJzmg]]></FromUserName>
<CreateTime>1471016845</CreateTime>
<MsgType><![CDATA[event]]></MsgType>
<Event><![CDATA[unsubscribe]]></Event>
<EventKey><![CDATA[]]></EventKey>
</xml>

