2016-08-11 11:16:00 trace :
------------
String:
<xml><ToUserName><![CDATA[gh_8ca78bc58dcf]]></ToUserName>
<FromUserName><![CDATA[oB3LlvxUji1vgEGwygLA2btDyByw]]></FromUserName>
<CreateTime>1470885360</CreateTime>
<MsgType><![CDATA[event]]></MsgType>
<Event><![CDATA[VIEW]]></Event>
<EventKey><![CDATA[http://www.xyyhqhs8520.com/app/index.php?i=2&c=entry&do=index&m=jy_ppp]]></EventKey>
<MenuId>407931290</MenuId>
</xml>

2016-08-11 11:16:00 params :
------------
Array:
rule : -2 ;
module :  ;
message : Array ;

2016-08-11 11:16:00 response :
------------

2016-08-11 11:16:21 trace :
------------
String:
<xml><ToUserName><![CDATA[gh_8ca78bc58dcf]]></ToUserName>
<FromUserName><![CDATA[oB3LlvxUji1vgEGwygLA2btDyByw]]></FromUserName>
<CreateTime>1470885381</CreateTime>
<MsgType><![CDATA[event]]></MsgType>
<Event><![CDATA[VIEW]]></Event>
<EventKey><![CDATA[http://www.xyyhqhs8520.com/app/index.php?i=2&c=entry&do=index&m=jy_ppp]]></EventKey>
<MenuId>407931290</MenuId>
</xml>

2016-08-11 11:16:21 params :
------------
Array:
rule : -2 ;
module :  ;
message : Array ;

2016-08-11 11:16:21 response :
------------

2016-08-11 11:16:36 trace :
------------
String:
<xml><ToUserName><![CDATA[gh_8ca78bc58dcf]]></ToUserName>
<FromUserName><![CDATA[oB3LlvxUji1vgEGwygLA2btDyByw]]></FromUserName>
<CreateTime>1470885396</CreateTime>
<MsgType><![CDATA[event]]></MsgType>
<Event><![CDATA[VIEW]]></Event>
<EventKey><![CDATA[http://www.xyyhqhs8520.com/app/index.php?i=2&c=entry&do=index&m=jy_ppp]]></EventKey>
<MenuId>407931290</MenuId>
</xml>

2016-08-11 11:16:36 params :
------------
Array:
rule : -2 ;
module :  ;
message : Array ;

2016-08-11 11:16:36 response :
------------

2016-08-11 11:28:33 trace :
------------
String:
<xml><ToUserName><![CDATA[gh_8ca78bc58dcf]]></ToUserName>
<FromUserName><![CDATA[oB3LlvxUji1vgEGwygLA2btDyByw]]></FromUserName>
<CreateTime>1470886112</CreateTime>
<MsgType><![CDATA[event]]></MsgType>
<Event><![CDATA[VIEW]]></Event>
<EventKey><![CDATA[http://www.xyyhqhs8520.com/app/index.php?i=2&c=entry&do=index&m=jy_ppp]]></EventKey>
<MenuId>407931548</MenuId>
</xml>

2016-08-11 11:28:33 params :
------------
Array:
rule : -2 ;
module :  ;
message : Array ;

2016-08-11 11:28:33 response :
------------

2016-08-11 11:29:19 trace :
------------
String:
<xml><ToUserName><![CDATA[gh_8ca78bc58dcf]]></ToUserName>
<FromUserName><![CDATA[oB3LlvxUji1vgEGwygLA2btDyByw]]></FromUserName>
<CreateTime>1470886159</CreateTime>
<MsgType><![CDATA[event]]></MsgType>
<Event><![CDATA[VIEW]]></Event>
<EventKey><![CDATA[http://www.xyyhqhs8520.com/app/index.php?i=2&c=entry&do=mail&m=jy_ppp]]></EventKey>
<MenuId>407931548</MenuId>
</xml>

2016-08-11 11:29:19 params :
------------
Array:
rule : -2 ;
module :  ;
message : Array ;

2016-08-11 11:29:19 response :
------------

2016-08-11 11:29:23 trace :
------------
String:
<xml><ToUserName><![CDATA[gh_8ca78bc58dcf]]></ToUserName>
<FromUserName><![CDATA[oB3LlvxUji1vgEGwygLA2btDyByw]]></FromUserName>
<CreateTime>1470886163</CreateTime>
<MsgType><![CDATA[event]]></MsgType>
<Event><![CDATA[VIEW]]></Event>
<EventKey><![CDATA[http://www.xyyhqhs8520.com/app/index.php?i=2&c=entry&do=geren&m=jy_ppp]]></EventKey>
<MenuId>407931548</MenuId>
</xml>

2016-08-11 11:29:23 params :
------------
Array:
rule : -2 ;
module :  ;
message : Array ;

2016-08-11 11:29:23 response :
------------

2016-08-11 11:29:41 trace :
------------
String:
<xml><ToUserName><![CDATA[gh_8ca78bc58dcf]]></ToUserName>
<FromUserName><![CDATA[oB3LlvxUji1vgEGwygLA2btDyByw]]></FromUserName>
<CreateTime>1470886181</CreateTime>
<MsgType><![CDATA[text]]></MsgType>
<Content><![CDATA[hello]]></Content>
<MsgId>6317408043941268152</MsgId>
</xml>

2016-08-11 11:29:41 params :
------------
Array:
rule : -2 ;
module :  ;
message : Array ;

2016-08-11 11:29:41 response :
------------

2016-08-11 11:33:39 trace :
------------
String:
<xml><ToUserName><![CDATA[gh_8ca78bc58dcf]]></ToUserName>
<FromUserName><![CDATA[oB3LlvxUji1vgEGwygLA2btDyByw]]></FromUserName>
<CreateTime>1470886419</CreateTime>
<MsgType><![CDATA[event]]></MsgType>
<Event><![CDATA[VIEW]]></Event>
<EventKey><![CDATA[http://www.xyyhqhs8520.com/app/index.php?i=2&c=entry&do=index&m=jy_ppp]]></EventKey>
<MenuId>407931548</MenuId>
</xml>

2016-08-11 11:33:39 params :
------------
Array:
rule : -2 ;
module :  ;
message : Array ;

2016-08-11 11:33:39 response :
------------

2016-08-11 11:33:43 trace :
------------
String:
<xml><ToUserName><![CDATA[gh_8ca78bc58dcf]]></ToUserName>
<FromUserName><![CDATA[oB3LlvxUji1vgEGwygLA2btDyByw]]></FromUserName>
<CreateTime>1470886423</CreateTime>
<MsgType><![CDATA[event]]></MsgType>
<Event><![CDATA[VIEW]]></Event>
<EventKey><![CDATA[http://www.xyyhqhs8520.com/app/index.php?i=2&c=entry&do=mail&m=jy_ppp]]></EventKey>
<MenuId>407931548</MenuId>
</xml>

2016-08-11 11:33:43 params :
------------
Array:
rule : -2 ;
module :  ;
message : Array ;

2016-08-11 11:33:43 response :
------------

2016-08-11 11:33:45 trace :
------------
String:
<xml><ToUserName><![CDATA[gh_8ca78bc58dcf]]></ToUserName>
<FromUserName><![CDATA[oB3LlvxUji1vgEGwygLA2btDyByw]]></FromUserName>
<CreateTime>1470886425</CreateTime>
<MsgType><![CDATA[event]]></MsgType>
<Event><![CDATA[VIEW]]></Event>
<EventKey><![CDATA[http://www.xyyhqhs8520.com/app/index.php?i=2&c=entry&do=geren&m=jy_ppp]]></EventKey>
<MenuId>407931548</MenuId>
</xml>

2016-08-11 11:33:45 params :
------------
Array:
rule : -2 ;
module :  ;
message : Array ;

2016-08-11 11:33:45 response :
------------

2016-08-11 11:36:25 trace :
------------
String:
<xml><ToUserName><![CDATA[gh_8ca78bc58dcf]]></ToUserName>
<FromUserName><![CDATA[oB3Llv9LHFrsAL9uSlflHxbEelHU]]></FromUserName>
<CreateTime>1470886585</CreateTime>
<MsgType><![CDATA[event]]></MsgType>
<Event><![CDATA[VIEW]]></Event>
<EventKey><![CDATA[http://www.xyyhqhs8520.com/app/index.php?i=2&c=entry&do=index&m=jy_ppp]]></EventKey>
<MenuId>407931548</MenuId>
</xml>

2016-08-11 11:36:25 params :
------------
Array:
rule : -2 ;
module :  ;
message : Array ;

2016-08-11 11:36:25 response :
------------

2016-08-11 11:36:27 trace :
------------
String:
<xml><ToUserName><![CDATA[gh_8ca78bc58dcf]]></ToUserName>
<FromUserName><![CDATA[oB3Llv9LHFrsAL9uSlflHxbEelHU]]></FromUserName>
<CreateTime>1470886587</CreateTime>
<MsgType><![CDATA[event]]></MsgType>
<Event><![CDATA[VIEW]]></Event>
<EventKey><![CDATA[http://www.xyyhqhs8520.com/app/index.php?i=2&c=entry&do=geren&m=jy_ppp]]></EventKey>
<MenuId>407931548</MenuId>
</xml>

2016-08-11 11:36:27 params :
------------
Array:
rule : -2 ;
module :  ;
message : Array ;

2016-08-11 11:36:27 response :
------------

2016-08-11 11:36:29 trace :
------------
String:
<xml><ToUserName><![CDATA[gh_8ca78bc58dcf]]></ToUserName>
<FromUserName><![CDATA[oB3Llv9LHFrsAL9uSlflHxbEelHU]]></FromUserName>
<CreateTime>1470886579</CreateTime>
<MsgType><![CDATA[event]]></MsgType>
<Event><![CDATA[VIEW]]></Event>
<EventKey><![CDATA[http://www.xyyhqhs8520.com/app/index.php?i=2&c=entry&do=mail&m=jy_ppp]]></EventKey>
<MenuId>407931548</MenuId>
</xml>

2016-08-11 11:36:29 params :
------------
Array:
rule : -2 ;
module :  ;
message : Array ;

2016-08-11 11:36:29 response :
------------

2016-08-11 11:39:15 trace :
------------
String:
<xml><ToUserName><![CDATA[gh_8ca78bc58dcf]]></ToUserName>
<FromUserName><![CDATA[oB3LlvxUji1vgEGwygLA2btDyByw]]></FromUserName>
<CreateTime>1470886755</CreateTime>
<MsgType><![CDATA[event]]></MsgType>
<Event><![CDATA[VIEW]]></Event>
<EventKey><![CDATA[http://www.xyyhqhs8520.com/app/index.php?i=2&c=entry&do=index&m=jy_ppp]]></EventKey>
<MenuId>407931548</MenuId>
</xml>

2016-08-11 11:39:15 params :
------------
Array:
rule : -2 ;
module :  ;
message : Array ;

2016-08-11 11:39:15 response :
------------

2016-08-11 11:39:20 trace :
------------
String:
<xml><ToUserName><![CDATA[gh_8ca78bc58dcf]]></ToUserName>
<FromUserName><![CDATA[oB3LlvxUji1vgEGwygLA2btDyByw]]></FromUserName>
<CreateTime>1470886760</CreateTime>
<MsgType><![CDATA[event]]></MsgType>
<Event><![CDATA[VIEW]]></Event>
<EventKey><![CDATA[http://www.xyyhqhs8520.com/app/index.php?i=2&c=entry&do=mail&m=jy_ppp]]></EventKey>
<MenuId>407931548</MenuId>
</xml>

2016-08-11 11:39:20 params :
------------
Array:
rule : -2 ;
module :  ;
message : Array ;

2016-08-11 11:39:20 response :
------------

2016-08-11 11:39:26 trace :
------------
String:
<xml><ToUserName><![CDATA[gh_8ca78bc58dcf]]></ToUserName>
<FromUserName><![CDATA[oB3LlvxUji1vgEGwygLA2btDyByw]]></FromUserName>
<CreateTime>1470886766</CreateTime>
<MsgType><![CDATA[event]]></MsgType>
<Event><![CDATA[VIEW]]></Event>
<EventKey><![CDATA[http://www.xyyhqhs8520.com/app/index.php?i=2&c=entry&do=geren&m=jy_ppp]]></EventKey>
<MenuId>407931548</MenuId>
</xml>

2016-08-11 11:39:26 params :
------------
Array:
rule : -2 ;
module :  ;
message : Array ;

2016-08-11 11:39:26 response :
------------

2016-08-11 11:51:38 trace :
------------
String:
<xml><ToUserName><![CDATA[gh_8ca78bc58dcf]]></ToUserName>
<FromUserName><![CDATA[oB3LlvxUji1vgEGwygLA2btDyByw]]></FromUserName>
<CreateTime>1470887497</CreateTime>
<MsgType><![CDATA[event]]></MsgType>
<Event><![CDATA[VIEW]]></Event>
<EventKey><![CDATA[http://www.xyyhqhs8520.com/app/index.php?i=2&c=entry&do=geren&m=jy_ppp]]></EventKey>
<MenuId>407931548</MenuId>
</xml>

2016-08-11 11:51:38 params :
------------
Array:
rule : -2 ;
module :  ;
message : Array ;

2016-08-11 11:51:38 response :
------------

2016-08-11 11:51:41 trace :
------------
String:
<xml><ToUserName><![CDATA[gh_8ca78bc58dcf]]></ToUserName>
<FromUserName><![CDATA[oB3LlvxUji1vgEGwygLA2btDyByw]]></FromUserName>
<CreateTime>1470887501</CreateTime>
<MsgType><![CDATA[event]]></MsgType>
<Event><![CDATA[VIEW]]></Event>
<EventKey><![CDATA[http://www.xyyhqhs8520.com/app/index.php?i=2&c=entry&do=mail&m=jy_ppp]]></EventKey>
<MenuId>407931548</MenuId>
</xml>

2016-08-11 11:51:41 params :
------------
Array:
rule : -2 ;
module :  ;
message : Array ;

2016-08-11 11:51:41 response :
------------

2016-08-11 11:51:43 trace :
------------
String:
<xml><ToUserName><![CDATA[gh_8ca78bc58dcf]]></ToUserName>
<FromUserName><![CDATA[oB3LlvxUji1vgEGwygLA2btDyByw]]></FromUserName>
<CreateTime>1470887503</CreateTime>
<MsgType><![CDATA[event]]></MsgType>
<Event><![CDATA[VIEW]]></Event>
<EventKey><![CDATA[http://www.xyyhqhs8520.com/app/index.php?i=2&c=entry&do=index&m=jy_ppp]]></EventKey>
<MenuId>407931548</MenuId>
</xml>

2016-08-11 11:51:43 params :
------------
Array:
rule : -2 ;
module :  ;
message : Array ;

2016-08-11 11:51:43 response :
------------

2016-08-11 12:18:49 trace :
------------
String:
<xml><ToUserName><![CDATA[gh_8ca78bc58dcf]]></ToUserName>
<FromUserName><![CDATA[oB3Llv9LHFrsAL9uSlflHxbEelHU]]></FromUserName>
<CreateTime>1470889128</CreateTime>
<MsgType><![CDATA[event]]></MsgType>
<Event><![CDATA[VIEW]]></Event>
<EventKey><![CDATA[http://www.xyyhqhs8520.com/app/index.php?i=2&c=entry&do=mail&m=jy_ppp]]></EventKey>
<MenuId>407931548</MenuId>
</xml>

2016-08-11 12:18:49 params :
------------
Array:
rule : -2 ;
module :  ;
message : Array ;

2016-08-11 12:18:49 response :
------------

2016-08-11 12:24:14 trace :
------------
String:
<xml><ToUserName><![CDATA[gh_8ca78bc58dcf]]></ToUserName>
<FromUserName><![CDATA[oB3Llv6m3HTsmMdBsKuO6NaF5N5Y]]></FromUserName>
<CreateTime>1470889454</CreateTime>
<MsgType><![CDATA[event]]></MsgType>
<Event><![CDATA[VIEW]]></Event>
<EventKey><![CDATA[http://www.xyyhqhs8520.com/app/index.php?i=2&c=entry&do=index&m=jy_ppp]]></EventKey>
<MenuId>407931548</MenuId>
</xml>

2016-08-11 12:24:14 params :
------------
Array:
rule : -2 ;
module :  ;
message : Array ;

2016-08-11 12:24:14 response :
------------

2016-08-11 12:24:26 trace :
------------
String:
<xml><ToUserName><![CDATA[gh_8ca78bc58dcf]]></ToUserName>
<FromUserName><![CDATA[oB3Llv6m3HTsmMdBsKuO6NaF5N5Y]]></FromUserName>
<CreateTime>1470889466</CreateTime>
<MsgType><![CDATA[event]]></MsgType>
<Event><![CDATA[VIEW]]></Event>
<EventKey><![CDATA[http://www.xyyhqhs8520.com/app/index.php?i=2&c=entry&do=mail&m=jy_ppp]]></EventKey>
<MenuId>407931548</MenuId>
</xml>

2016-08-11 12:24:26 params :
------------
Array:
rule : -2 ;
module :  ;
message : Array ;

2016-08-11 12:24:26 response :
------------

2016-08-11 12:24:30 trace :
------------
String:
<xml><ToUserName><![CDATA[gh_8ca78bc58dcf]]></ToUserName>
<FromUserName><![CDATA[oB3Llv6m3HTsmMdBsKuO6NaF5N5Y]]></FromUserName>
<CreateTime>1470889470</CreateTime>
<MsgType><![CDATA[event]]></MsgType>
<Event><![CDATA[VIEW]]></Event>
<EventKey><![CDATA[http://www.xyyhqhs8520.com/app/index.php?i=2&c=entry&do=geren&m=jy_ppp]]></EventKey>
<MenuId>407931548</MenuId>
</xml>

2016-08-11 12:24:30 params :
------------
Array:
rule : -2 ;
module :  ;
message : Array ;

2016-08-11 12:24:30 response :
------------

2016-08-11 12:24:43 trace :
------------
String:
<xml><ToUserName><![CDATA[gh_8ca78bc58dcf]]></ToUserName>
<FromUserName><![CDATA[oB3Llv6m3HTsmMdBsKuO6NaF5N5Y]]></FromUserName>
<CreateTime>1470889482</CreateTime>
<MsgType><![CDATA[event]]></MsgType>
<Event><![CDATA[VIEW]]></Event>
<EventKey><![CDATA[http://www.xyyhqhs8520.com/app/index.php?i=2&c=entry&do=index&m=jy_ppp]]></EventKey>
<MenuId>407931548</MenuId>
</xml>

2016-08-11 12:24:43 params :
------------
Array:
rule : -2 ;
module :  ;
message : Array ;

2016-08-11 12:24:43 response :
------------

2016-08-11 13:16:03 trace :
------------
String:
<xml><ToUserName><![CDATA[gh_8ca78bc58dcf]]></ToUserName>
<FromUserName><![CDATA[oB3Llv9ye5IXuCd4tr02EBuYzshw]]></FromUserName>
<CreateTime>1470892563</CreateTime>
<MsgType><![CDATA[event]]></MsgType>
<Event><![CDATA[unsubscribe]]></Event>
<EventKey><![CDATA[]]></EventKey>
</xml>

2016-08-11 13:16:34 trace :
------------
String:
<xml><ToUserName><![CDATA[gh_8ca78bc58dcf]]></ToUserName>
<FromUserName><![CDATA[oB3Llv9ye5IXuCd4tr02EBuYzshw]]></FromUserName>
<CreateTime>1470892594</CreateTime>
<MsgType><![CDATA[event]]></MsgType>
<Event><![CDATA[subscribe]]></Event>
<EventKey><![CDATA[]]></EventKey>
</xml>

2016-08-11 13:16:34 params :
------------
Array:
rule : -2 ;
module :  ;
message : Array ;

2016-08-11 13:16:34 response :
------------

2016-08-11 13:16:38 trace :
------------
String:
<xml><ToUserName><![CDATA[gh_8ca78bc58dcf]]></ToUserName>
<FromUserName><![CDATA[oB3Llv9ye5IXuCd4tr02EBuYzshw]]></FromUserName>
<CreateTime>1470892598</CreateTime>
<MsgType><![CDATA[event]]></MsgType>
<Event><![CDATA[VIEW]]></Event>
<EventKey><![CDATA[http://www.xyyhqhs8520.com/app/index.php?i=2&c=entry&do=index&m=jy_ppp]]></EventKey>
<MenuId>407931548</MenuId>
</xml>

2016-08-11 13:16:38 params :
------------
Array:
rule : -2 ;
module :  ;
message : Array ;

2016-08-11 13:16:38 response :
------------

2016-08-11 13:17:17 trace :
------------
String:
<xml><ToUserName><![CDATA[gh_8ca78bc58dcf]]></ToUserName>
<FromUserName><![CDATA[oB3Llv9ye5IXuCd4tr02EBuYzshw]]></FromUserName>
<CreateTime>1470892637</CreateTime>
<MsgType><![CDATA[event]]></MsgType>
<Event><![CDATA[VIEW]]></Event>
<EventKey><![CDATA[http://www.xyyhqhs8520.com/app/index.php?i=2&c=entry&do=mail&m=jy_ppp]]></EventKey>
<MenuId>407931548</MenuId>
</xml>

2016-08-11 13:17:17 params :
------------
Array:
rule : -2 ;
module :  ;
message : Array ;

2016-08-11 13:17:17 response :
------------

2016-08-11 13:28:25 trace :
------------
String:
<xml><ToUserName><![CDATA[gh_8ca78bc58dcf]]></ToUserName>
<FromUserName><![CDATA[oB3Llv9ye5IXuCd4tr02EBuYzshw]]></FromUserName>
<CreateTime>1470893304</CreateTime>
<MsgType><![CDATA[event]]></MsgType>
<Event><![CDATA[VIEW]]></Event>
<EventKey><![CDATA[http://www.xyyhqhs8520.com/app/index.php?i=2&c=entry&do=index&m=jy_ppp]]></EventKey>
<MenuId>407931548</MenuId>
</xml>

2016-08-11 13:28:25 params :
------------
Array:
rule : -2 ;
module :  ;
message : Array ;

2016-08-11 13:28:25 response :
------------

2016-08-11 15:36:15 trace :
------------
String:
<xml><ToUserName><![CDATA[gh_8ca78bc58dcf]]></ToUserName>
<FromUserName><![CDATA[oB3Llv-A5ScJnr_Hu0ozAZSAMSAY]]></FromUserName>
<CreateTime>1470900974</CreateTime>
<MsgType><![CDATA[event]]></MsgType>
<Event><![CDATA[subscribe]]></Event>
<EventKey><![CDATA[]]></EventKey>
</xml>

2016-08-11 15:36:15 params :
------------
Array:
rule : -2 ;
module :  ;
message : Array ;

2016-08-11 15:36:15 response :
------------

2016-08-11 15:36:35 trace :
------------
String:
<xml><ToUserName><![CDATA[gh_8ca78bc58dcf]]></ToUserName>
<FromUserName><![CDATA[oB3Llv-A5ScJnr_Hu0ozAZSAMSAY]]></FromUserName>
<CreateTime>1470900995</CreateTime>
<MsgType><![CDATA[text]]></MsgType>
<Content><![CDATA[有约的吗]]></Content>
<MsgId>6317471669586795286</MsgId>
</xml>

2016-08-11 15:36:35 params :
------------
Array:
rule : -2 ;
module :  ;
message : Array ;

2016-08-11 15:36:35 response :
------------

2016-08-11 15:36:42 trace :
------------
String:
<xml><ToUserName><![CDATA[gh_8ca78bc58dcf]]></ToUserName>
<FromUserName><![CDATA[oB3Llv-A5ScJnr_Hu0ozAZSAMSAY]]></FromUserName>
<CreateTime>1470901002</CreateTime>
<MsgType><![CDATA[event]]></MsgType>
<Event><![CDATA[VIEW]]></Event>
<EventKey><![CDATA[http://www.xyyhqhs8520.com/app/index.php?i=2&c=entry&do=index&m=jy_ppp]]></EventKey>
<MenuId>407931548</MenuId>
</xml>

2016-08-11 15:36:42 params :
------------
Array:
rule : -2 ;
module :  ;
message : Array ;

2016-08-11 15:36:42 response :
------------

2016-08-11 15:36:59 trace :
------------
String:
<xml><ToUserName><![CDATA[gh_8ca78bc58dcf]]></ToUserName>
<FromUserName><![CDATA[oB3Llv-A5ScJnr_Hu0ozAZSAMSAY]]></FromUserName>
<CreateTime>1470901018</CreateTime>
<MsgType><![CDATA[event]]></MsgType>
<Event><![CDATA[unsubscribe]]></Event>
<EventKey><![CDATA[]]></EventKey>
</xml>

2016-08-11 15:53:28 trace :
------------
String:
<xml><ToUserName><![CDATA[gh_8ca78bc58dcf]]></ToUserName>
<FromUserName><![CDATA[oB3Llv6m3HTsmMdBsKuO6NaF5N5Y]]></FromUserName>
<CreateTime>1470902007</CreateTime>
<MsgType><![CDATA[event]]></MsgType>
<Event><![CDATA[VIEW]]></Event>
<EventKey><![CDATA[http://www.xyyhqhs8520.com/app/index.php?i=2&c=entry&do=index&m=jy_ppp]]></EventKey>
<MenuId>407931548</MenuId>
</xml>

2016-08-11 15:53:28 params :
------------
Array:
rule : -2 ;
module :  ;
message : Array ;

2016-08-11 15:53:28 response :
------------

2016-08-11 16:05:52 trace :
------------
String:
<xml><ToUserName><![CDATA[gh_8ca78bc58dcf]]></ToUserName>
<FromUserName><![CDATA[oB3LlvyDp4nFm1owySiVrRPZofaQ]]></FromUserName>
<CreateTime>1470902752</CreateTime>
<MsgType><![CDATA[event]]></MsgType>
<Event><![CDATA[subscribe]]></Event>
<EventKey><![CDATA[]]></EventKey>
</xml>

2016-08-11 16:05:52 params :
------------
Array:
rule : -2 ;
module :  ;
message : Array ;

2016-08-11 16:05:52 response :
------------

2016-08-11 16:06:03 trace :
------------
String:
<xml><ToUserName><![CDATA[gh_8ca78bc58dcf]]></ToUserName>
<FromUserName><![CDATA[oB3LlvyDp4nFm1owySiVrRPZofaQ]]></FromUserName>
<CreateTime>1470902763</CreateTime>
<MsgType><![CDATA[event]]></MsgType>
<Event><![CDATA[VIEW]]></Event>
<EventKey><![CDATA[http://www.xyyhqhs8520.com/app/index.php?i=2&c=entry&do=index&m=jy_ppp]]></EventKey>
<MenuId>407931548</MenuId>
</xml>

2016-08-11 16:06:03 params :
------------
Array:
rule : -2 ;
module :  ;
message : Array ;

2016-08-11 16:06:03 response :
------------

2016-08-11 17:12:07 trace :
------------
String:
<xml><ToUserName><![CDATA[gh_8ca78bc58dcf]]></ToUserName>
<FromUserName><![CDATA[oB3LlvxUji1vgEGwygLA2btDyByw]]></FromUserName>
<CreateTime>1470906726</CreateTime>
<MsgType><![CDATA[event]]></MsgType>
<Event><![CDATA[VIEW]]></Event>
<EventKey><![CDATA[http://www.xyyhqhs8520.com/app/index.php?i=2&c=entry&do=index&m=jy_ppp]]></EventKey>
<MenuId>407931548</MenuId>
</xml>

2016-08-11 17:12:07 params :
------------
Array:
rule : -2 ;
module :  ;
message : Array ;

2016-08-11 17:12:07 response :
------------

2016-08-11 17:12:52 trace :
------------
String:
<xml><ToUserName><![CDATA[gh_8ca78bc58dcf]]></ToUserName>
<FromUserName><![CDATA[oB3LlvxUji1vgEGwygLA2btDyByw]]></FromUserName>
<CreateTime>1470906772</CreateTime>
<MsgType><![CDATA[event]]></MsgType>
<Event><![CDATA[VIEW]]></Event>
<EventKey><![CDATA[http://www.xyyhqhs8520.com/app/index.php?i=2&c=entry&do=index&m=jy_ppp]]></EventKey>
<MenuId>407931548</MenuId>
</xml>

2016-08-11 17:12:52 params :
------------
Array:
rule : -2 ;
module :  ;
message : Array ;

2016-08-11 17:12:52 response :
------------

2016-08-11 17:28:35 trace :
------------
String:
<xml><ToUserName><![CDATA[gh_8ca78bc58dcf]]></ToUserName>
<FromUserName><![CDATA[oB3LlvxUji1vgEGwygLA2btDyByw]]></FromUserName>
<CreateTime>1470907715</CreateTime>
<MsgType><![CDATA[event]]></MsgType>
<Event><![CDATA[VIEW]]></Event>
<EventKey><![CDATA[http://www.xyyhqhs8520.com/app/index.php?i=2&c=entry&do=index&m=jy_ppp]]></EventKey>
<MenuId>407931548</MenuId>
</xml>

2016-08-11 17:28:35 params :
------------
Array:
rule : -2 ;
module :  ;
message : Array ;

2016-08-11 17:28:35 response :
------------

2016-08-11 17:49:14 trace :
------------
String:
<xml><ToUserName><![CDATA[gh_8ca78bc58dcf]]></ToUserName>
<FromUserName><![CDATA[oB3LlvxUji1vgEGwygLA2btDyByw]]></FromUserName>
<CreateTime>1470908954</CreateTime>
<MsgType><![CDATA[event]]></MsgType>
<Event><![CDATA[VIEW]]></Event>
<EventKey><![CDATA[http://www.xyyhqhs8520.com/app/index.php?i=2&c=entry&do=index&m=jy_ppp]]></EventKey>
<MenuId>407931548</MenuId>
</xml>

2016-08-11 17:49:14 params :
------------
Array:
rule : -2 ;
module :  ;
message : Array ;

2016-08-11 17:49:14 response :
------------

2016-08-11 17:58:18 trace :
------------
String:
<xml><ToUserName><![CDATA[gh_8ca78bc58dcf]]></ToUserName>
<FromUserName><![CDATA[oB3LlvxUji1vgEGwygLA2btDyByw]]></FromUserName>
<CreateTime>1470909498</CreateTime>
<MsgType><![CDATA[event]]></MsgType>
<Event><![CDATA[VIEW]]></Event>
<EventKey><![CDATA[http://www.xyyhqhs8520.com/app/index.php?i=2&c=entry&do=index&m=jy_ppp]]></EventKey>
<MenuId>407931548</MenuId>
</xml>

2016-08-11 17:58:18 params :
------------
Array:
rule : -2 ;
module :  ;
message : Array ;

2016-08-11 17:58:18 response :
------------

2016-08-11 18:02:12 trace :
------------
String:
<xml><ToUserName><![CDATA[gh_8ca78bc58dcf]]></ToUserName>
<FromUserName><![CDATA[oB3LlvxUji1vgEGwygLA2btDyByw]]></FromUserName>
<CreateTime>1470909732</CreateTime>
<MsgType><![CDATA[event]]></MsgType>
<Event><![CDATA[VIEW]]></Event>
<EventKey><![CDATA[http://www.xyyhqhs8520.com/app/index.php?i=2&c=entry&do=index&m=jy_ppp]]></EventKey>
<MenuId>407931548</MenuId>
</xml>

2016-08-11 18:02:12 params :
------------
Array:
rule : -2 ;
module :  ;
message : Array ;

2016-08-11 18:02:12 response :
------------

2016-08-11 18:04:53 trace :
------------
String:
<xml><ToUserName><![CDATA[gh_8ca78bc58dcf]]></ToUserName>
<FromUserName><![CDATA[oB3LlvxUji1vgEGwygLA2btDyByw]]></FromUserName>
<CreateTime>1470909892</CreateTime>
<MsgType><![CDATA[event]]></MsgType>
<Event><![CDATA[VIEW]]></Event>
<EventKey><![CDATA[http://www.xyyhqhs8520.com/app/index.php?i=2&c=entry&do=index&m=jy_ppp]]></EventKey>
<MenuId>407931548</MenuId>
</xml>

2016-08-11 18:04:53 params :
------------
Array:
rule : -2 ;
module :  ;
message : Array ;

2016-08-11 18:04:53 response :
------------

2016-08-11 18:54:02 trace :
------------
String:
<xml><ToUserName><![CDATA[gh_8ca78bc58dcf]]></ToUserName>
<FromUserName><![CDATA[oB3LlvxUji1vgEGwygLA2btDyByw]]></FromUserName>
<CreateTime>1470912842</CreateTime>
<MsgType><![CDATA[event]]></MsgType>
<Event><![CDATA[VIEW]]></Event>
<EventKey><![CDATA[http://www.xyyhqhs8520.com/app/index.php?i=2&c=entry&do=index&m=jy_ppp]]></EventKey>
<MenuId>407931548</MenuId>
</xml>

2016-08-11 18:54:02 params :
------------
Array:
rule : -2 ;
module :  ;
message : Array ;

2016-08-11 18:54:02 response :
------------

2016-08-11 20:10:45 trace :
------------
String:
<xml><ToUserName><![CDATA[gh_8ca78bc58dcf]]></ToUserName>
<FromUserName><![CDATA[oB3Llv9ye5IXuCd4tr02EBuYzshw]]></FromUserName>
<CreateTime>1470917445</CreateTime>
<MsgType><![CDATA[event]]></MsgType>
<Event><![CDATA[VIEW]]></Event>
<EventKey><![CDATA[http://www.xyyhqhs8520.com/app/index.php?i=2&c=entry&do=index&m=jy_ppp]]></EventKey>
<MenuId>407931548</MenuId>
</xml>

2016-08-11 20:10:45 params :
------------
Array:
rule : -2 ;
module :  ;
message : Array ;

2016-08-11 20:10:45 response :
------------

2016-08-11 20:10:51 trace :
------------
String:
<xml><ToUserName><![CDATA[gh_8ca78bc58dcf]]></ToUserName>
<FromUserName><![CDATA[oB3Llv9ye5IXuCd4tr02EBuYzshw]]></FromUserName>
<CreateTime>1470917451</CreateTime>
<MsgType><![CDATA[event]]></MsgType>
<Event><![CDATA[VIEW]]></Event>
<EventKey><![CDATA[http://www.xyyhqhs8520.com/app/index.php?i=2&c=entry&do=index&m=jy_ppp]]></EventKey>
<MenuId>407931548</MenuId>
</xml>

2016-08-11 20:10:51 params :
------------
Array:
rule : -2 ;
module :  ;
message : Array ;

2016-08-11 20:10:51 response :
------------

2016-08-11 20:12:01 trace :
------------
String:
<xml><ToUserName><![CDATA[gh_8ca78bc58dcf]]></ToUserName>
<FromUserName><![CDATA[oB3Llv9ye5IXuCd4tr02EBuYzshw]]></FromUserName>
<CreateTime>1470917520</CreateTime>
<MsgType><![CDATA[event]]></MsgType>
<Event><![CDATA[VIEW]]></Event>
<EventKey><![CDATA[http://www.xyyhqhs8520.com/app/index.php?i=2&c=entry&do=index&m=jy_ppp]]></EventKey>
<MenuId>407931548</MenuId>
</xml>

2016-08-11 20:12:01 params :
------------
Array:
rule : -2 ;
module :  ;
message : Array ;

2016-08-11 20:12:01 response :
------------

2016-08-11 20:15:59 trace :
------------
String:
<xml><ToUserName><![CDATA[gh_8ca78bc58dcf]]></ToUserName>
<FromUserName><![CDATA[oB3Llv9ye5IXuCd4tr02EBuYzshw]]></FromUserName>
<CreateTime>1470917759</CreateTime>
<MsgType><![CDATA[event]]></MsgType>
<Event><![CDATA[VIEW]]></Event>
<EventKey><![CDATA[http://www.xyyhqhs8520.com/app/index.php?i=2&c=entry&do=mail&m=jy_ppp]]></EventKey>
<MenuId>407931548</MenuId>
</xml>

2016-08-11 20:15:59 params :
------------
Array:
rule : -2 ;
module :  ;
message : Array ;

2016-08-11 20:15:59 response :
------------

2016-08-11 21:21:14 trace :
------------
String:
<xml><ToUserName><![CDATA[gh_8ca78bc58dcf]]></ToUserName>
<FromUserName><![CDATA[oB3Llv09hoJrV2rqFyzUnCP7t_II]]></FromUserName>
<CreateTime>1470921674</CreateTime>
<MsgType><![CDATA[event]]></MsgType>
<Event><![CDATA[VIEW]]></Event>
<EventKey><![CDATA[http://www.xyyhqhs8520.com/app/index.php?i=2&c=entry&do=geren&m=jy_ppp]]></EventKey>
<MenuId>407931548</MenuId>
</xml>

2016-08-11 21:21:14 params :
------------
Array:
rule : -2 ;
module :  ;
message : Array ;

2016-08-11 21:21:14 response :
------------

2016-08-11 21:21:19 trace :
------------
String:
<xml><ToUserName><![CDATA[gh_8ca78bc58dcf]]></ToUserName>
<FromUserName><![CDATA[oB3Llv09hoJrV2rqFyzUnCP7t_II]]></FromUserName>
<CreateTime>1470921679</CreateTime>
<MsgType><![CDATA[event]]></MsgType>
<Event><![CDATA[VIEW]]></Event>
<EventKey><![CDATA[http://www.xyyhqhs8520.com/app/index.php?i=2&c=entry&do=index&m=jy_ppp]]></EventKey>
<MenuId>407931548</MenuId>
</xml>

2016-08-11 21:21:19 params :
------------
Array:
rule : -2 ;
module :  ;
message : Array ;

2016-08-11 21:21:19 response :
------------

2016-08-11 21:25:08 trace :
------------
String:
<xml><ToUserName><![CDATA[gh_8ca78bc58dcf]]></ToUserName>
<FromUserName><![CDATA[oB3Llv09hoJrV2rqFyzUnCP7t_II]]></FromUserName>
<CreateTime>1470921908</CreateTime>
<MsgType><![CDATA[event]]></MsgType>
<Event><![CDATA[unsubscribe]]></Event>
<EventKey><![CDATA[]]></EventKey>
</xml>

2016-08-11 21:26:36 trace :
------------
String:
<xml><ToUserName><![CDATA[gh_8ca78bc58dcf]]></ToUserName>
<FromUserName><![CDATA[oB3Llv9LHFrsAL9uSlflHxbEelHU]]></FromUserName>
<CreateTime>1470921996</CreateTime>
<MsgType><![CDATA[event]]></MsgType>
<Event><![CDATA[SCAN]]></Event>
<EventKey><![CDATA[100001]]></EventKey>
<Ticket><![CDATA[gQHE8DoAAAAAAAAAASxodHRwOi8vd2VpeGluLnFxLmNvbS9xL3gwUmg1T1RsakdMMVR4RHVPR3JEAAIE8XysVwMEAI0nAA==]]></Ticket>
</xml>

2016-08-11 21:26:36 params :
------------
Array:
rule : -2 ;
module :  ;
message : Array ;

2016-08-11 21:26:36 response :
------------

2016-08-11 21:26:43 trace :
------------
String:
<xml><ToUserName><![CDATA[gh_8ca78bc58dcf]]></ToUserName>
<FromUserName><![CDATA[oB3Llv_0TznLhlYmC3PBb62nJTIw]]></FromUserName>
<CreateTime>1470922003</CreateTime>
<MsgType><![CDATA[event]]></MsgType>
<Event><![CDATA[VIEW]]></Event>
<EventKey><![CDATA[http://www.xyyhqhs8520.com/app/index.php?i=2&c=entry&do=index&m=jy_ppp]]></EventKey>
<MenuId>407931548</MenuId>
</xml>

2016-08-11 21:26:43 params :
------------
Array:
rule : -2 ;
module :  ;
message : Array ;

2016-08-11 21:26:43 response :
------------

2016-08-11 21:26:44 trace :
------------
String:
<xml><ToUserName><![CDATA[gh_8ca78bc58dcf]]></ToUserName>
<FromUserName><![CDATA[oB3Llv9LHFrsAL9uSlflHxbEelHU]]></FromUserName>
<CreateTime>1470922004</CreateTime>
<MsgType><![CDATA[event]]></MsgType>
<Event><![CDATA[VIEW]]></Event>
<EventKey><![CDATA[http://www.xyyhqhs8520.com/app/index.php?i=2&c=entry&do=index&m=jy_ppp]]></EventKey>
<MenuId>407931548</MenuId>
</xml>

2016-08-11 21:26:44 params :
------------
Array:
rule : -2 ;
module :  ;
message : Array ;

2016-08-11 21:26:44 response :
------------

2016-08-11 21:29:35 trace :
------------
String:
<xml><ToUserName><![CDATA[gh_8ca78bc58dcf]]></ToUserName>
<FromUserName><![CDATA[oB3Llv9LHFrsAL9uSlflHxbEelHU]]></FromUserName>
<CreateTime>1470922175</CreateTime>
<MsgType><![CDATA[event]]></MsgType>
<Event><![CDATA[VIEW]]></Event>
<EventKey><![CDATA[http://www.xyyhqhs8520.com/app/index.php?i=2&c=entry&do=index&m=jy_ppp]]></EventKey>
<MenuId>407931548</MenuId>
</xml>

2016-08-11 21:29:35 params :
------------
Array:
rule : -2 ;
module :  ;
message : Array ;

2016-08-11 21:29:35 response :
------------

2016-08-11 21:40:49 trace :
------------
String:
<xml><ToUserName><![CDATA[gh_8ca78bc58dcf]]></ToUserName>
<FromUserName><![CDATA[oB3Llv9LHFrsAL9uSlflHxbEelHU]]></FromUserName>
<CreateTime>1470922849</CreateTime>
<MsgType><![CDATA[event]]></MsgType>
<Event><![CDATA[VIEW]]></Event>
<EventKey><![CDATA[http://www.xyyhqhs8520.com/app/index.php?i=2&c=entry&do=mail&m=jy_ppp]]></EventKey>
<MenuId>407931548</MenuId>
</xml>

2016-08-11 21:40:49 params :
------------
Array:
rule : -2 ;
module :  ;
message : Array ;

2016-08-11 21:40:49 response :
------------

2016-08-11 21:40:59 trace :
------------
String:
<xml><ToUserName><![CDATA[gh_8ca78bc58dcf]]></ToUserName>
<FromUserName><![CDATA[oB3Llv9LHFrsAL9uSlflHxbEelHU]]></FromUserName>
<CreateTime>1470922859</CreateTime>
<MsgType><![CDATA[event]]></MsgType>
<Event><![CDATA[VIEW]]></Event>
<EventKey><![CDATA[http://www.xyyhqhs8520.com/app/index.php?i=2&c=entry&do=index&m=jy_ppp]]></EventKey>
<MenuId>407931548</MenuId>
</xml>

2016-08-11 21:40:59 params :
------------
Array:
rule : -2 ;
module :  ;
message : Array ;

2016-08-11 21:40:59 response :
------------

2016-08-11 22:03:36 trace :
------------
String:
<xml><ToUserName><![CDATA[gh_8ca78bc58dcf]]></ToUserName>
<FromUserName><![CDATA[oB3Llv7zSeQfMtcrL5yL0kk6zqm4]]></FromUserName>
<CreateTime>1470924215</CreateTime>
<MsgType><![CDATA[event]]></MsgType>
<Event><![CDATA[subscribe]]></Event>
<EventKey><![CDATA[]]></EventKey>
</xml>

2016-08-11 22:03:36 params :
------------
Array:
rule : -2 ;
module :  ;
message : Array ;

2016-08-11 22:03:36 response :
------------

2016-08-11 22:03:42 trace :
------------
String:
<xml><ToUserName><![CDATA[gh_8ca78bc58dcf]]></ToUserName>
<FromUserName><![CDATA[oB3Llv7zSeQfMtcrL5yL0kk6zqm4]]></FromUserName>
<CreateTime>1470924222</CreateTime>
<MsgType><![CDATA[event]]></MsgType>
<Event><![CDATA[VIEW]]></Event>
<EventKey><![CDATA[http://www.xyyhqhs8520.com/app/index.php?i=2&c=entry&do=index&m=jy_ppp]]></EventKey>
<MenuId>407931548</MenuId>
</xml>

2016-08-11 22:03:42 params :
------------
Array:
rule : -2 ;
module :  ;
message : Array ;

2016-08-11 22:03:42 response :
------------

2016-08-11 22:04:00 trace :
------------
String:
<xml><ToUserName><![CDATA[gh_8ca78bc58dcf]]></ToUserName>
<FromUserName><![CDATA[oB3Llv7zSeQfMtcrL5yL0kk6zqm4]]></FromUserName>
<CreateTime>1470924240</CreateTime>
<MsgType><![CDATA[event]]></MsgType>
<Event><![CDATA[VIEW]]></Event>
<EventKey><![CDATA[http://www.xyyhqhs8520.com/app/index.php?i=2&c=entry&do=index&m=jy_ppp]]></EventKey>
<MenuId>407931548</MenuId>
</xml>

2016-08-11 22:04:00 params :
------------
Array:
rule : -2 ;
module :  ;
message : Array ;

2016-08-11 22:04:00 response :
------------

2016-08-11 22:04:54 trace :
------------
String:
<xml><ToUserName><![CDATA[gh_8ca78bc58dcf]]></ToUserName>
<FromUserName><![CDATA[oB3Llv7zSeQfMtcrL5yL0kk6zqm4]]></FromUserName>
<CreateTime>1470924294</CreateTime>
<MsgType><![CDATA[event]]></MsgType>
<Event><![CDATA[VIEW]]></Event>
<EventKey><![CDATA[http://www.xyyhqhs8520.com/app/index.php?i=2&c=entry&do=geren&m=jy_ppp]]></EventKey>
<MenuId>407931548</MenuId>
</xml>

2016-08-11 22:04:54 params :
------------
Array:
rule : -2 ;
module :  ;
message : Array ;

2016-08-11 22:04:54 response :
------------

2016-08-11 22:13:23 trace :
------------
String:
<xml><ToUserName><![CDATA[gh_8ca78bc58dcf]]></ToUserName>
<FromUserName><![CDATA[oB3Llv9LHFrsAL9uSlflHxbEelHU]]></FromUserName>
<CreateTime>1470924803</CreateTime>
<MsgType><![CDATA[event]]></MsgType>
<Event><![CDATA[VIEW]]></Event>
<EventKey><![CDATA[http://www.xyyhqhs8520.com/app/index.php?i=2&c=entry&do=index&m=jy_ppp]]></EventKey>
<MenuId>407931548</MenuId>
</xml>

2016-08-11 22:13:23 params :
------------
Array:
rule : -2 ;
module :  ;
message : Array ;

2016-08-11 22:13:23 response :
------------

2016-08-11 22:14:00 trace :
------------
String:
<xml><ToUserName><![CDATA[gh_8ca78bc58dcf]]></ToUserName>
<FromUserName><![CDATA[oB3Llv9LHFrsAL9uSlflHxbEelHU]]></FromUserName>
<CreateTime>1470924840</CreateTime>
<MsgType><![CDATA[text]]></MsgType>
<Content><![CDATA[店员]]></Content>
<MsgId>6317574083081974701</MsgId>
</xml>

2016-08-11 22:14:00 params :
------------
Array:
message : Array ;
module : cover ;
rule : 9 ;
priority : 0 ;
keyword : Array ;

2016-08-11 22:14:00 response :
------------
Array:
FromUserName : gh_8ca78bc58dcf ;
ToUserName : oB3Llv9LHFrsAL9uSlflHxbEelHU ;
MsgType : news ;
ArticleCount : 1 ;
Articles : Array ;

2016-08-11 22:17:06 trace :
------------
String:
<xml><ToUserName><![CDATA[gh_8ca78bc58dcf]]></ToUserName>
<FromUserName><![CDATA[oB3Llv7zSeQfMtcrL5yL0kk6zqm4]]></FromUserName>
<CreateTime>1470925026</CreateTime>
<MsgType><![CDATA[event]]></MsgType>
<Event><![CDATA[VIEW]]></Event>
<EventKey><![CDATA[http://www.xyyhqhs8520.com/app/index.php?i=2&c=entry&do=index&m=jy_ppp]]></EventKey>
<MenuId>407931548</MenuId>
</xml>

2016-08-11 22:17:06 params :
------------
Array:
rule : -2 ;
module :  ;
message : Array ;

2016-08-11 22:17:06 response :
------------

2016-08-11 22:17:36 trace :
------------
String:
<xml><ToUserName><![CDATA[gh_8ca78bc58dcf]]></ToUserName>
<FromUserName><![CDATA[oB3Llv7zSeQfMtcrL5yL0kk6zqm4]]></FromUserName>
<CreateTime>1470925056</CreateTime>
<MsgType><![CDATA[event]]></MsgType>
<Event><![CDATA[unsubscribe]]></Event>
<EventKey><![CDATA[]]></EventKey>
</xml>

2016-08-11 22:18:55 trace :
------------
String:
<xml><ToUserName><![CDATA[gh_8ca78bc58dcf]]></ToUserName>
<FromUserName><![CDATA[oB3Llv9ye5IXuCd4tr02EBuYzshw]]></FromUserName>
<CreateTime>1470925135</CreateTime>
<MsgType><![CDATA[event]]></MsgType>
<Event><![CDATA[VIEW]]></Event>
<EventKey><![CDATA[http://www.xyyhqhs8520.com/app/index.php?i=2&c=entry&do=index&m=jy_ppp]]></EventKey>
<MenuId>407931548</MenuId>
</xml>

2016-08-11 22:18:55 params :
------------
Array:
rule : -2 ;
module :  ;
message : Array ;

2016-08-11 22:18:55 response :
------------

2016-08-11 22:25:46 trace :
------------
String:
<xml><ToUserName><![CDATA[gh_8ca78bc58dcf]]></ToUserName>
<FromUserName><![CDATA[oB3Llv9LHFrsAL9uSlflHxbEelHU]]></FromUserName>
<CreateTime>1470925546</CreateTime>
<MsgType><![CDATA[event]]></MsgType>
<Event><![CDATA[VIEW]]></Event>
<EventKey><![CDATA[http://www.xyyhqhs8520.com/app/index.php?i=2&c=entry&do=index&m=jy_ppp]]></EventKey>
<MenuId>407931548</MenuId>
</xml>

2016-08-11 22:25:46 params :
------------
Array:
rule : -2 ;
module :  ;
message : Array ;

2016-08-11 22:25:46 response :
------------

2016-08-11 22:25:51 trace :
------------
String:
<xml><ToUserName><![CDATA[gh_8ca78bc58dcf]]></ToUserName>
<FromUserName><![CDATA[oB3Llv9LHFrsAL9uSlflHxbEelHU]]></FromUserName>
<CreateTime>1470925551</CreateTime>
<MsgType><![CDATA[text]]></MsgType>
<Content><![CDATA[店员]]></Content>
<MsgId>6317577136803722302</MsgId>
</xml>

2016-08-11 22:25:51 params :
------------
Array:
message : Array ;
module : cover ;
rule : 9 ;
priority : 0 ;
keyword : Array ;

2016-08-11 22:25:51 response :
------------
Array:
FromUserName : gh_8ca78bc58dcf ;
ToUserName : oB3Llv9LHFrsAL9uSlflHxbEelHU ;
MsgType : news ;
ArticleCount : 1 ;
Articles : Array ;

2016-08-11 22:29:37 trace :
------------
String:
<xml><ToUserName><![CDATA[gh_8ca78bc58dcf]]></ToUserName>
<FromUserName><![CDATA[oB3Llv9LHFrsAL9uSlflHxbEelHU]]></FromUserName>
<CreateTime>1470925777</CreateTime>
<MsgType><![CDATA[event]]></MsgType>
<Event><![CDATA[VIEW]]></Event>
<EventKey><![CDATA[http://www.xyyhqhs8520.com/app/index.php?i=2&c=entry&do=index&m=jy_ppp]]></EventKey>
<MenuId>407931548</MenuId>
</xml>

2016-08-11 22:29:37 params :
------------
Array:
rule : -2 ;
module :  ;
message : Array ;

2016-08-11 22:29:37 response :
------------

2016-08-11 22:31:17 trace :
------------
String:
<xml><ToUserName><![CDATA[gh_8ca78bc58dcf]]></ToUserName>
<FromUserName><![CDATA[oB3Llv9LHFrsAL9uSlflHxbEelHU]]></FromUserName>
<CreateTime>1470925877</CreateTime>
<MsgType><![CDATA[text]]></MsgType>
<Content><![CDATA[店员]]></Content>
<MsgId>6317578536963060848</MsgId>
</xml>

2016-08-11 22:31:17 params :
------------
Array:
message : Array ;
module : cover ;
rule : 9 ;
priority : 0 ;
keyword : Array ;

2016-08-11 22:31:17 response :
------------
Array:
FromUserName : gh_8ca78bc58dcf ;
ToUserName : oB3Llv9LHFrsAL9uSlflHxbEelHU ;
MsgType : news ;
ArticleCount : 1 ;
Articles : Array ;

2016-08-11 22:39:07 trace :
------------
String:
<xml><ToUserName><![CDATA[gh_8ca78bc58dcf]]></ToUserName>
<FromUserName><![CDATA[oB3Llv9LHFrsAL9uSlflHxbEelHU]]></FromUserName>
<CreateTime>1470926347</CreateTime>
<MsgType><![CDATA[event]]></MsgType>
<Event><![CDATA[VIEW]]></Event>
<EventKey><![CDATA[http://www.xyyhqhs8520.com/app/index.php?i=2&c=entry&do=index&m=jy_ppp]]></EventKey>
<MenuId>407931548</MenuId>
</xml>

2016-08-11 22:39:07 params :
------------
Array:
rule : -2 ;
module :  ;
message : Array ;

2016-08-11 22:39:07 response :
------------

2016-08-11 22:39:32 trace :
------------
String:
<xml><ToUserName><![CDATA[gh_8ca78bc58dcf]]></ToUserName>
<FromUserName><![CDATA[oB3Llv9LHFrsAL9uSlflHxbEelHU]]></FromUserName>
<CreateTime>1470926372</CreateTime>
<MsgType><![CDATA[text]]></MsgType>
<Content><![CDATA[店员]]></Content>
<MsgId>6317580662971872439</MsgId>
</xml>

2016-08-11 22:39:32 params :
------------
Array:
message : Array ;
module : cover ;
rule : 9 ;
priority : 0 ;
keyword : Array ;

2016-08-11 22:39:32 response :
------------
Array:
FromUserName : gh_8ca78bc58dcf ;
ToUserName : oB3Llv9LHFrsAL9uSlflHxbEelHU ;
MsgType : news ;
ArticleCount : 1 ;
Articles : Array ;

2016-08-11 22:39:34 trace :
------------
String:
<xml><ToUserName><![CDATA[gh_8ca78bc58dcf]]></ToUserName>
<FromUserName><![CDATA[oB3Llv-hoqQHR0xp5CZml_6KJhP4]]></FromUserName>
<CreateTime>1470926374</CreateTime>
<MsgType><![CDATA[event]]></MsgType>
<Event><![CDATA[VIEW]]></Event>
<EventKey><![CDATA[http://www.xyyhqhs8520.com/app/index.php?i=2&c=entry&do=index&m=jy_ppp]]></EventKey>
<MenuId>407931548</MenuId>
</xml>

2016-08-11 22:39:34 params :
------------
Array:
rule : -2 ;
module :  ;
message : Array ;

2016-08-11 22:39:34 response :
------------

2016-08-11 22:39:58 trace :
------------
String:
<xml><ToUserName><![CDATA[gh_8ca78bc58dcf]]></ToUserName>
<FromUserName><![CDATA[oB3Llv-ITdEWGnBvoDtKwtyBTqQk]]></FromUserName>
<CreateTime>1470926397</CreateTime>
<MsgType><![CDATA[event]]></MsgType>
<Event><![CDATA[subscribe]]></Event>
<EventKey><![CDATA[]]></EventKey>
</xml>

2016-08-11 22:39:58 params :
------------
Array:
rule : -2 ;
module :  ;
message : Array ;

2016-08-11 22:39:58 response :
------------

2016-08-11 22:40:01 trace :
------------
String:
<xml><ToUserName><![CDATA[gh_8ca78bc58dcf]]></ToUserName>
<FromUserName><![CDATA[oB3Llv-ITdEWGnBvoDtKwtyBTqQk]]></FromUserName>
<CreateTime>1470926401</CreateTime>
<MsgType><![CDATA[event]]></MsgType>
<Event><![CDATA[VIEW]]></Event>
<EventKey><![CDATA[http://www.xyyhqhs8520.com/app/index.php?i=2&c=entry&do=index&m=jy_ppp]]></EventKey>
<MenuId>407931548</MenuId>
</xml>

2016-08-11 22:40:01 params :
------------
Array:
rule : -2 ;
module :  ;
message : Array ;

2016-08-11 22:40:01 response :
------------

2016-08-11 22:41:31 trace :
------------
String:
<xml><ToUserName><![CDATA[gh_8ca78bc58dcf]]></ToUserName>
<FromUserName><![CDATA[oB3Llv-hoqQHR0xp5CZml_6KJhP4]]></FromUserName>
<CreateTime>1470926491</CreateTime>
<MsgType><![CDATA[event]]></MsgType>
<Event><![CDATA[VIEW]]></Event>
<EventKey><![CDATA[http://www.xyyhqhs8520.com/app/index.php?i=2&c=entry&do=geren&m=jy_ppp]]></EventKey>
<MenuId>407931548</MenuId>
</xml>

2016-08-11 22:41:31 params :
------------
Array:
rule : -2 ;
module :  ;
message : Array ;

2016-08-11 22:41:31 response :
------------

2016-08-11 22:41:51 trace :
------------
String:
<xml><ToUserName><![CDATA[gh_8ca78bc58dcf]]></ToUserName>
<FromUserName><![CDATA[oB3Llv-hoqQHR0xp5CZml_6KJhP4]]></FromUserName>
<CreateTime>1470926511</CreateTime>
<MsgType><![CDATA[event]]></MsgType>
<Event><![CDATA[VIEW]]></Event>
<EventKey><![CDATA[http://www.xyyhqhs8520.com/app/index.php?i=2&c=entry&do=index&m=jy_ppp]]></EventKey>
<MenuId>407931548</MenuId>
</xml>

2016-08-11 22:41:51 params :
------------
Array:
rule : -2 ;
module :  ;
message : Array ;

2016-08-11 22:41:51 response :
------------

2016-08-11 22:42:56 trace :
------------
String:
<xml><ToUserName><![CDATA[gh_8ca78bc58dcf]]></ToUserName>
<FromUserName><![CDATA[oB3Llv9LHFrsAL9uSlflHxbEelHU]]></FromUserName>
<CreateTime>1470926576</CreateTime>
<MsgType><![CDATA[event]]></MsgType>
<Event><![CDATA[VIEW]]></Event>
<EventKey><![CDATA[http://www.xyyhqhs8520.com/app/index.php?i=2&c=entry&do=index&m=jy_ppp]]></EventKey>
<MenuId>407931548</MenuId>
</xml>

2016-08-11 22:42:56 params :
------------
Array:
rule : -2 ;
module :  ;
message : Array ;

2016-08-11 22:42:56 response :
------------

2016-08-11 22:45:17 trace :
------------
String:
<xml><ToUserName><![CDATA[gh_8ca78bc58dcf]]></ToUserName>
<FromUserName><![CDATA[oB3Llv2kuzBG8YLvv5LKDHoCJlEc]]></FromUserName>
<CreateTime>1470926717</CreateTime>
<MsgType><![CDATA[event]]></MsgType>
<Event><![CDATA[subscribe]]></Event>
<EventKey><![CDATA[]]></EventKey>
</xml>

2016-08-11 22:45:17 params :
------------
Array:
rule : -2 ;
module :  ;
message : Array ;

2016-08-11 22:45:17 response :
------------

2016-08-11 22:45:35 trace :
------------
String:
<xml><ToUserName><![CDATA[gh_8ca78bc58dcf]]></ToUserName>
<FromUserName><![CDATA[oB3Llv2kuzBG8YLvv5LKDHoCJlEc]]></FromUserName>
<CreateTime>1470926735</CreateTime>
<MsgType><![CDATA[text]]></MsgType>
<Content><![CDATA[是]]></Content>
<MsgId>6317582222045000956</MsgId>
</xml>

2016-08-11 22:45:35 params :
------------
Array:
rule : -2 ;
module :  ;
message : Array ;

2016-08-11 22:45:35 response :
------------

2016-08-11 22:45:44 trace :
------------
String:
<xml><ToUserName><![CDATA[gh_8ca78bc58dcf]]></ToUserName>
<FromUserName><![CDATA[oB3Llv2kuzBG8YLvv5LKDHoCJlEc]]></FromUserName>
<CreateTime>1470926743</CreateTime>
<MsgType><![CDATA[event]]></MsgType>
<Event><![CDATA[VIEW]]></Event>
<EventKey><![CDATA[http://www.xyyhqhs8520.com/app/index.php?i=2&c=entry&do=index&m=jy_ppp]]></EventKey>
<MenuId>407931548</MenuId>
</xml>

2016-08-11 22:45:44 params :
------------
Array:
rule : -2 ;
module :  ;
message : Array ;

2016-08-11 22:45:44 response :
------------

2016-08-11 22:49:24 trace :
------------
String:
<xml><ToUserName><![CDATA[gh_8ca78bc58dcf]]></ToUserName>
<FromUserName><![CDATA[oB3LlvxUji1vgEGwygLA2btDyByw]]></FromUserName>
<CreateTime>1470926964</CreateTime>
<MsgType><![CDATA[event]]></MsgType>
<Event><![CDATA[VIEW]]></Event>
<EventKey><![CDATA[http://www.xyyhqhs8520.com/app/index.php?i=2&c=entry&do=index&m=jy_ppp]]></EventKey>
<MenuId>407931548</MenuId>
</xml>

2016-08-11 22:49:24 params :
------------
Array:
rule : -2 ;
module :  ;
message : Array ;

2016-08-11 22:49:24 response :
------------

2016-08-11 22:52:22 trace :
------------
String:
<xml><ToUserName><![CDATA[gh_8ca78bc58dcf]]></ToUserName>
<FromUserName><![CDATA[oB3LlvxUji1vgEGwygLA2btDyByw]]></FromUserName>
<CreateTime>1470927142</CreateTime>
<MsgType><![CDATA[event]]></MsgType>
<Event><![CDATA[VIEW]]></Event>
<EventKey><![CDATA[http://www.xyyhqhs8520.com/app/index.php?i=2&c=entry&do=index&m=jy_ppp]]></EventKey>
<MenuId>407931548</MenuId>
</xml>

2016-08-11 22:52:22 params :
------------
Array:
rule : -2 ;
module :  ;
message : Array ;

2016-08-11 22:52:22 response :
------------

2016-08-11 22:53:57 trace :
------------
String:
<xml><ToUserName><![CDATA[gh_8ca78bc58dcf]]></ToUserName>
<FromUserName><![CDATA[oB3LlvxUji1vgEGwygLA2btDyByw]]></FromUserName>
<CreateTime>1470927236</CreateTime>
<MsgType><![CDATA[event]]></MsgType>
<Event><![CDATA[VIEW]]></Event>
<EventKey><![CDATA[http://www.xyyhqhs8520.com/app/index.php?i=2&c=entry&do=geren&m=jy_ppp]]></EventKey>
<MenuId>407931548</MenuId>
</xml>

2016-08-11 22:53:57 params :
------------
Array:
rule : -2 ;
module :  ;
message : Array ;

2016-08-11 22:53:57 response :
------------

2016-08-11 22:55:16 trace :
------------
String:
<xml><ToUserName><![CDATA[gh_8ca78bc58dcf]]></ToUserName>
<FromUserName><![CDATA[oB3LlvxUji1vgEGwygLA2btDyByw]]></FromUserName>
<CreateTime>1470927316</CreateTime>
<MsgType><![CDATA[event]]></MsgType>
<Event><![CDATA[unsubscribe]]></Event>
<EventKey><![CDATA[]]></EventKey>
</xml>

2016-08-11 22:55:27 trace :
------------
String:
<xml><ToUserName><![CDATA[gh_8ca78bc58dcf]]></ToUserName>
<FromUserName><![CDATA[oB3Llv2kuzBG8YLvv5LKDHoCJlEc]]></FromUserName>
<CreateTime>1470927327</CreateTime>
<MsgType><![CDATA[event]]></MsgType>
<Event><![CDATA[VIEW]]></Event>
<EventKey><![CDATA[http://www.xyyhqhs8520.com/app/index.php?i=2&c=entry&do=index&m=jy_ppp]]></EventKey>
<MenuId>407931548</MenuId>
</xml>

2016-08-11 22:55:27 params :
------------
Array:
rule : -2 ;
module :  ;
message : Array ;

2016-08-11 22:55:27 response :
------------

2016-08-11 22:55:39 trace :
------------
String:
<xml><ToUserName><![CDATA[gh_8ca78bc58dcf]]></ToUserName>
<FromUserName><![CDATA[oB3LlvxUji1vgEGwygLA2btDyByw]]></FromUserName>
<CreateTime>1470927339</CreateTime>
<MsgType><![CDATA[event]]></MsgType>
<Event><![CDATA[subscribe]]></Event>
<EventKey><![CDATA[]]></EventKey>
</xml>

2016-08-11 22:55:39 params :
------------
Array:
rule : -2 ;
module :  ;
message : Array ;

2016-08-11 22:55:39 response :
------------

2016-08-11 22:55:51 trace :
------------
String:
<xml><ToUserName><![CDATA[gh_8ca78bc58dcf]]></ToUserName>
<FromUserName><![CDATA[oB3LlvxUji1vgEGwygLA2btDyByw]]></FromUserName>
<CreateTime>1470927351</CreateTime>
<MsgType><![CDATA[event]]></MsgType>
<Event><![CDATA[VIEW]]></Event>
<EventKey><![CDATA[http://www.xyyhqhs8520.com/app/index.php?i=2&c=entry&do=index&m=jy_ppp]]></EventKey>
<MenuId>407931548</MenuId>
</xml>

2016-08-11 22:55:51 params :
------------
Array:
rule : -2 ;
module :  ;
message : Array ;

2016-08-11 22:55:51 response :
------------

2016-08-11 23:00:15 trace :
------------
String:
<xml><ToUserName><![CDATA[gh_8ca78bc58dcf]]></ToUserName>
<FromUserName><![CDATA[oB3LlvxIDVqYEfsec3FByga2fs1k]]></FromUserName>
<CreateTime>1470927615</CreateTime>
<MsgType><![CDATA[event]]></MsgType>
<Event><![CDATA[subscribe]]></Event>
<EventKey><![CDATA[]]></EventKey>
</xml>

2016-08-11 23:00:15 params :
------------
Array:
rule : -2 ;
module :  ;
message : Array ;

2016-08-11 23:00:15 response :
------------

2016-08-11 23:00:18 trace :
------------
String:
<xml><ToUserName><![CDATA[gh_8ca78bc58dcf]]></ToUserName>
<FromUserName><![CDATA[oB3LlvxIDVqYEfsec3FByga2fs1k]]></FromUserName>
<CreateTime>1470927618</CreateTime>
<MsgType><![CDATA[event]]></MsgType>
<Event><![CDATA[VIEW]]></Event>
<EventKey><![CDATA[http://www.xyyhqhs8520.com/app/index.php?i=2&c=entry&do=index&m=jy_ppp]]></EventKey>
<MenuId>407931548</MenuId>
</xml>

2016-08-11 23:00:18 params :
------------
Array:
rule : -2 ;
module :  ;
message : Array ;

2016-08-11 23:00:18 response :
------------

2016-08-11 23:01:49 trace :
------------
String:
<xml><ToUserName><![CDATA[gh_8ca78bc58dcf]]></ToUserName>
<FromUserName><![CDATA[oB3Llv9ye5IXuCd4tr02EBuYzshw]]></FromUserName>
<CreateTime>1470927709</CreateTime>
<MsgType><![CDATA[event]]></MsgType>
<Event><![CDATA[VIEW]]></Event>
<EventKey><![CDATA[http://www.xyyhqhs8520.com/app/index.php?i=2&c=entry&do=index&m=jy_ppp]]></EventKey>
<MenuId>407931548</MenuId>
</xml>

2016-08-11 23:01:49 params :
------------
Array:
rule : -2 ;
module :  ;
message : Array ;

2016-08-11 23:01:49 response :
------------

2016-08-11 23:02:01 trace :
------------
String:
<xml><ToUserName><![CDATA[gh_8ca78bc58dcf]]></ToUserName>
<FromUserName><![CDATA[oB3LlvxIDVqYEfsec3FByga2fs1k]]></FromUserName>
<CreateTime>1470927721</CreateTime>
<MsgType><![CDATA[event]]></MsgType>
<Event><![CDATA[unsubscribe]]></Event>
<EventKey><![CDATA[]]></EventKey>
</xml>

2016-08-11 23:02:31 trace :
------------
String:
<xml><ToUserName><![CDATA[gh_8ca78bc58dcf]]></ToUserName>
<FromUserName><![CDATA[oB3Llv9ye5IXuCd4tr02EBuYzshw]]></FromUserName>
<CreateTime>1470927751</CreateTime>
<MsgType><![CDATA[text]]></MsgType>
<Content><![CDATA[店员]]></Content>
<MsgId>6317586585731773809</MsgId>
</xml>

2016-08-11 23:02:31 params :
------------
Array:
message : Array ;
module : cover ;
rule : 9 ;
priority : 0 ;
keyword : Array ;

2016-08-11 23:02:31 response :
------------
Array:
FromUserName : gh_8ca78bc58dcf ;
ToUserName : oB3Llv9ye5IXuCd4tr02EBuYzshw ;
MsgType : news ;
ArticleCount : 1 ;
Articles : Array ;

2016-08-11 23:02:33 trace :
------------
String:
<xml><ToUserName><![CDATA[gh_8ca78bc58dcf]]></ToUserName>
<FromUserName><![CDATA[oB3Llv9LHFrsAL9uSlflHxbEelHU]]></FromUserName>
<CreateTime>1470927753</CreateTime>
<MsgType><![CDATA[text]]></MsgType>
<Content><![CDATA[店员]]></Content>
<MsgId>6317586594321708405</MsgId>
</xml>

2016-08-11 23:02:33 params :
------------
Array:
message : Array ;
module : cover ;
rule : 9 ;
priority : 0 ;
keyword : Array ;

2016-08-11 23:02:33 response :
------------
Array:
FromUserName : gh_8ca78bc58dcf ;
ToUserName : oB3Llv9LHFrsAL9uSlflHxbEelHU ;
MsgType : news ;
ArticleCount : 1 ;
Articles : Array ;

2016-08-11 23:04:42 trace :
------------
String:
<xml><ToUserName><![CDATA[gh_8ca78bc58dcf]]></ToUserName>
<FromUserName><![CDATA[oB3Llv9ye5IXuCd4tr02EBuYzshw]]></FromUserName>
<CreateTime>1470927882</CreateTime>
<MsgType><![CDATA[event]]></MsgType>
<Event><![CDATA[VIEW]]></Event>
<EventKey><![CDATA[http://www.xyyhqhs8520.com/app/index.php?i=2&c=entry&do=index&m=jy_ppp]]></EventKey>
<MenuId>407931548</MenuId>
</xml>

2016-08-11 23:04:42 params :
------------
Array:
rule : -2 ;
module :  ;
message : Array ;

2016-08-11 23:04:42 response :
------------

2016-08-11 23:04:42 trace :
------------
String:
<xml><ToUserName><![CDATA[gh_8ca78bc58dcf]]></ToUserName>
<FromUserName><![CDATA[oB3Llv9LHFrsAL9uSlflHxbEelHU]]></FromUserName>
<CreateTime>1470927882</CreateTime>
<MsgType><![CDATA[event]]></MsgType>
<Event><![CDATA[VIEW]]></Event>
<EventKey><![CDATA[http://www.xyyhqhs8520.com/app/index.php?i=2&c=entry&do=index&m=jy_ppp]]></EventKey>
<MenuId>407931548</MenuId>
</xml>

2016-08-11 23:04:42 params :
------------
Array:
rule : -2 ;
module :  ;
message : Array ;

2016-08-11 23:04:42 response :
------------

2016-08-11 23:06:03 trace :
------------
String:
<xml><ToUserName><![CDATA[gh_8ca78bc58dcf]]></ToUserName>
<FromUserName><![CDATA[oB3Llv9ye5IXuCd4tr02EBuYzshw]]></FromUserName>
<CreateTime>1470927963</CreateTime>
<MsgType><![CDATA[event]]></MsgType>
<Event><![CDATA[unsubscribe]]></Event>
<EventKey><![CDATA[]]></EventKey>
</xml>

2016-08-11 23:06:30 trace :
------------
String:
<xml><ToUserName><![CDATA[gh_8ca78bc58dcf]]></ToUserName>
<FromUserName><![CDATA[oB3Llv9LHFrsAL9uSlflHxbEelHU]]></FromUserName>
<CreateTime>1470927990</CreateTime>
<MsgType><![CDATA[event]]></MsgType>
<Event><![CDATA[VIEW]]></Event>
<EventKey><![CDATA[http://www.xyyhqhs8520.com/app/index.php?i=2&c=entry&do=index&m=jy_ppp]]></EventKey>
<MenuId>407931548</MenuId>
</xml>

2016-08-11 23:06:30 params :
------------
Array:
rule : -2 ;
module :  ;
message : Array ;

2016-08-11 23:06:30 response :
------------

2016-08-11 23:06:45 trace :
------------
String:
<xml><ToUserName><![CDATA[gh_8ca78bc58dcf]]></ToUserName>
<FromUserName><![CDATA[oB3Llv9ye5IXuCd4tr02EBuYzshw]]></FromUserName>
<CreateTime>1470928005</CreateTime>
<MsgType><![CDATA[event]]></MsgType>
<Event><![CDATA[subscribe]]></Event>
<EventKey><![CDATA[]]></EventKey>
</xml>

2016-08-11 23:06:45 params :
------------
Array:
rule : -2 ;
module :  ;
message : Array ;

2016-08-11 23:06:45 response :
------------

2016-08-11 23:06:47 trace :
------------
String:
<xml><ToUserName><![CDATA[gh_8ca78bc58dcf]]></ToUserName>
<FromUserName><![CDATA[oB3Llv9ye5IXuCd4tr02EBuYzshw]]></FromUserName>
<CreateTime>1470928007</CreateTime>
<MsgType><![CDATA[event]]></MsgType>
<Event><![CDATA[VIEW]]></Event>
<EventKey><![CDATA[http://www.xyyhqhs8520.com/app/index.php?i=2&c=entry&do=index&m=jy_ppp]]></EventKey>
<MenuId>407931548</MenuId>
</xml>

2016-08-11 23:06:47 params :
------------
Array:
rule : -2 ;
module :  ;
message : Array ;

2016-08-11 23:06:47 response :
------------

2016-08-11 23:07:14 trace :
------------
String:
<xml><ToUserName><![CDATA[gh_8ca78bc58dcf]]></ToUserName>
<FromUserName><![CDATA[oB3Llvw6liBxjU6gw8t1cfDcpeIo]]></FromUserName>
<CreateTime>1470928033</CreateTime>
<MsgType><![CDATA[event]]></MsgType>
<Event><![CDATA[subscribe]]></Event>
<EventKey><![CDATA[]]></EventKey>
</xml>

2016-08-11 23:07:14 params :
------------
Array:
rule : -2 ;
module :  ;
message : Array ;

2016-08-11 23:07:14 response :
------------

2016-08-11 23:07:20 trace :
------------
String:
<xml><ToUserName><![CDATA[gh_8ca78bc58dcf]]></ToUserName>
<FromUserName><![CDATA[oB3Llvw6liBxjU6gw8t1cfDcpeIo]]></FromUserName>
<CreateTime>1470928040</CreateTime>
<MsgType><![CDATA[event]]></MsgType>
<Event><![CDATA[VIEW]]></Event>
<EventKey><![CDATA[http://www.xyyhqhs8520.com/app/index.php?i=2&c=entry&do=index&m=jy_ppp]]></EventKey>
<MenuId>407931548</MenuId>
</xml>

2016-08-11 23:07:20 params :
------------
Array:
rule : -2 ;
module :  ;
message : Array ;

2016-08-11 23:07:20 response :
------------

2016-08-11 23:07:35 trace :
------------
String:
<xml><ToUserName><![CDATA[gh_8ca78bc58dcf]]></ToUserName>
<FromUserName><![CDATA[oB3Llvw6liBxjU6gw8t1cfDcpeIo]]></FromUserName>
<CreateTime>1470928055</CreateTime>
<MsgType><![CDATA[event]]></MsgType>
<Event><![CDATA[VIEW]]></Event>
<EventKey><![CDATA[http://www.xyyhqhs8520.com/app/index.php?i=2&c=entry&do=mail&m=jy_ppp]]></EventKey>
<MenuId>407931548</MenuId>
</xml>

2016-08-11 23:07:35 params :
------------
Array:
rule : -2 ;
module :  ;
message : Array ;

2016-08-11 23:07:35 response :
------------

2016-08-11 23:07:49 trace :
------------
String:
<xml><ToUserName><![CDATA[gh_8ca78bc58dcf]]></ToUserName>
<FromUserName><![CDATA[oB3Llvw6liBxjU6gw8t1cfDcpeIo]]></FromUserName>
<CreateTime>1470928069</CreateTime>
<MsgType><![CDATA[event]]></MsgType>
<Event><![CDATA[VIEW]]></Event>
<EventKey><![CDATA[http://www.xyyhqhs8520.com/app/index.php?i=2&c=entry&do=geren&m=jy_ppp]]></EventKey>
<MenuId>407931548</MenuId>
</xml>

2016-08-11 23:07:49 params :
------------
Array:
rule : -2 ;
module :  ;
message : Array ;

2016-08-11 23:07:49 response :
------------

2016-08-11 23:18:54 trace :
------------
String:
<xml><ToUserName><![CDATA[gh_8ca78bc58dcf]]></ToUserName>
<FromUserName><![CDATA[oB3Llv9ye5IXuCd4tr02EBuYzshw]]></FromUserName>
<CreateTime>1470928734</CreateTime>
<MsgType><![CDATA[event]]></MsgType>
<Event><![CDATA[unsubscribe]]></Event>
<EventKey><![CDATA[]]></EventKey>
</xml>

2016-08-11 23:20:30 trace :
------------
String:
<xml><ToUserName><![CDATA[gh_8ca78bc58dcf]]></ToUserName>
<FromUserName><![CDATA[oB3Llv9ye5IXuCd4tr02EBuYzshw]]></FromUserName>
<CreateTime>1470928830</CreateTime>
<MsgType><![CDATA[event]]></MsgType>
<Event><![CDATA[subscribe]]></Event>
<EventKey><![CDATA[]]></EventKey>
</xml>

2016-08-11 23:20:30 params :
------------
Array:
rule : -2 ;
module :  ;
message : Array ;

2016-08-11 23:20:30 response :
------------

2016-08-11 23:20:32 trace :
------------
String:
<xml><ToUserName><![CDATA[gh_8ca78bc58dcf]]></ToUserName>
<FromUserName><![CDATA[oB3Llv9ye5IXuCd4tr02EBuYzshw]]></FromUserName>
<CreateTime>1470928832</CreateTime>
<MsgType><![CDATA[event]]></MsgType>
<Event><![CDATA[VIEW]]></Event>
<EventKey><![CDATA[http://www.xyyhqhs8520.com/app/index.php?i=2&c=entry&do=index&m=jy_ppp]]></EventKey>
<MenuId>407931548</MenuId>
</xml>

2016-08-11 23:20:32 params :
------------
Array:
rule : -2 ;
module :  ;
message : Array ;

2016-08-11 23:20:32 response :
------------

2016-08-11 23:21:11 trace :
------------
String:
<xml><ToUserName><![CDATA[gh_8ca78bc58dcf]]></ToUserName>
<FromUserName><![CDATA[oB3Llv9ye5IXuCd4tr02EBuYzshw]]></FromUserName>
<CreateTime>1470928871</CreateTime>
<MsgType><![CDATA[event]]></MsgType>
<Event><![CDATA[VIEW]]></Event>
<EventKey><![CDATA[http://www.xyyhqhs8520.com/app/index.php?i=2&c=entry&do=index&m=jy_ppp]]></EventKey>
<MenuId>407931548</MenuId>
</xml>

2016-08-11 23:21:11 params :
------------
Array:
rule : -2 ;
module :  ;
message : Array ;

2016-08-11 23:21:11 response :
------------

2016-08-11 23:22:06 trace :
------------
String:
<xml><ToUserName><![CDATA[gh_8ca78bc58dcf]]></ToUserName>
<FromUserName><![CDATA[oB3Llv9ye5IXuCd4tr02EBuYzshw]]></FromUserName>
<CreateTime>1470928926</CreateTime>
<MsgType><![CDATA[event]]></MsgType>
<Event><![CDATA[VIEW]]></Event>
<EventKey><![CDATA[http://www.xyyhqhs8520.com/app/index.php?i=2&c=entry&do=mail&m=jy_ppp]]></EventKey>
<MenuId>407931548</MenuId>
</xml>

2016-08-11 23:22:06 params :
------------
Array:
rule : -2 ;
module :  ;
message : Array ;

2016-08-11 23:22:06 response :
------------

2016-08-11 23:22:31 trace :
------------
String:
<xml><ToUserName><![CDATA[gh_8ca78bc58dcf]]></ToUserName>
<FromUserName><![CDATA[oB3Llv9ye5IXuCd4tr02EBuYzshw]]></FromUserName>
<CreateTime>1470928951</CreateTime>
<MsgType><![CDATA[event]]></MsgType>
<Event><![CDATA[VIEW]]></Event>
<EventKey><![CDATA[http://www.xyyhqhs8520.com/app/index.php?i=2&c=entry&do=mail&m=jy_ppp]]></EventKey>
<MenuId>407931548</MenuId>
</xml>

2016-08-11 23:22:31 params :
------------
Array:
rule : -2 ;
module :  ;
message : Array ;

2016-08-11 23:22:31 response :
------------

2016-08-11 23:22:47 trace :
------------
String:
<xml><ToUserName><![CDATA[gh_8ca78bc58dcf]]></ToUserName>
<FromUserName><![CDATA[oB3Llv9ye5IXuCd4tr02EBuYzshw]]></FromUserName>
<CreateTime>1470928967</CreateTime>
<MsgType><![CDATA[event]]></MsgType>
<Event><![CDATA[VIEW]]></Event>
<EventKey><![CDATA[http://www.xyyhqhs8520.com/app/index.php?i=2&c=entry&do=mail&m=jy_ppp]]></EventKey>
<MenuId>407931548</MenuId>
</xml>

2016-08-11 23:22:47 params :
------------
Array:
rule : -2 ;
module :  ;
message : Array ;

2016-08-11 23:22:47 response :
------------

2016-08-11 23:23:17 trace :
------------
String:
<xml><ToUserName><![CDATA[gh_8ca78bc58dcf]]></ToUserName>
<FromUserName><![CDATA[oB3Llv_0TznLhlYmC3PBb62nJTIw]]></FromUserName>
<CreateTime>1470928997</CreateTime>
<MsgType><![CDATA[event]]></MsgType>
<Event><![CDATA[VIEW]]></Event>
<EventKey><![CDATA[http://www.xyyhqhs8520.com/app/index.php?i=2&c=entry&do=index&m=jy_ppp]]></EventKey>
<MenuId>407931548</MenuId>
</xml>

2016-08-11 23:23:17 params :
------------
Array:
rule : -2 ;
module :  ;
message : Array ;

2016-08-11 23:23:17 response :
------------

2016-08-11 23:23:21 trace :
------------
String:
<xml><ToUserName><![CDATA[gh_8ca78bc58dcf]]></ToUserName>
<FromUserName><![CDATA[oB3Llv9LHFrsAL9uSlflHxbEelHU]]></FromUserName>
<CreateTime>1470929001</CreateTime>
<MsgType><![CDATA[event]]></MsgType>
<Event><![CDATA[VIEW]]></Event>
<EventKey><![CDATA[http://www.xyyhqhs8520.com/app/index.php?i=2&c=entry&do=mail&m=jy_ppp]]></EventKey>
<MenuId>407931548</MenuId>
</xml>

2016-08-11 23:23:21 params :
------------
Array:
rule : -2 ;
module :  ;
message : Array ;

2016-08-11 23:23:21 response :
------------

2016-08-11 23:35:25 trace :
------------
String:
<xml><ToUserName><![CDATA[gh_8ca78bc58dcf]]></ToUserName>
<FromUserName><![CDATA[oB3Llv9ye5IXuCd4tr02EBuYzshw]]></FromUserName>
<CreateTime>1470929725</CreateTime>
<MsgType><![CDATA[event]]></MsgType>
<Event><![CDATA[VIEW]]></Event>
<EventKey><![CDATA[http://www.xyyhqhs8520.com/app/index.php?i=2&c=entry&do=index&m=jy_ppp]]></EventKey>
<MenuId>407931548</MenuId>
</xml>

2016-08-11 23:35:25 params :
------------
Array:
rule : -2 ;
module :  ;
message : Array ;

2016-08-11 23:35:25 response :
------------

2016-08-11 23:38:32 trace :
------------
String:
<xml><ToUserName><![CDATA[gh_8ca78bc58dcf]]></ToUserName>
<FromUserName><![CDATA[oB3Llv9LHFrsAL9uSlflHxbEelHU]]></FromUserName>
<CreateTime>1470929912</CreateTime>
<MsgType><![CDATA[event]]></MsgType>
<Event><![CDATA[VIEW]]></Event>
<EventKey><![CDATA[http://www.xyyhqhs8520.com/app/index.php?i=2&c=entry&do=index&m=jy_ppp]]></EventKey>
<MenuId>407931548</MenuId>
</xml>

2016-08-11 23:38:32 params :
------------
Array:
rule : -2 ;
module :  ;
message : Array ;

2016-08-11 23:38:32 response :
------------

2016-08-11 23:38:57 trace :
------------
String:
<xml><ToUserName><![CDATA[gh_8ca78bc58dcf]]></ToUserName>
<FromUserName><![CDATA[oB3LlvxUji1vgEGwygLA2btDyByw]]></FromUserName>
<CreateTime>1470929937</CreateTime>
<MsgType><![CDATA[event]]></MsgType>
<Event><![CDATA[VIEW]]></Event>
<EventKey><![CDATA[http://www.xyyhqhs8520.com/app/index.php?i=2&c=entry&do=index&m=jy_ppp]]></EventKey>
<MenuId>407931548</MenuId>
</xml>

2016-08-11 23:38:57 params :
------------
Array:
rule : -2 ;
module :  ;
message : Array ;

2016-08-11 23:38:57 response :
------------

2016-08-11 23:39:55 trace :
------------
String:
<xml><ToUserName><![CDATA[gh_8ca78bc58dcf]]></ToUserName>
<FromUserName><![CDATA[oB3LlvxUji1vgEGwygLA2btDyByw]]></FromUserName>
<CreateTime>1470929995</CreateTime>
<MsgType><![CDATA[event]]></MsgType>
<Event><![CDATA[VIEW]]></Event>
<EventKey><![CDATA[http://www.xyyhqhs8520.com/app/index.php?i=2&c=entry&do=index&m=jy_ppp]]></EventKey>
<MenuId>407931548</MenuId>
</xml>

2016-08-11 23:39:55 params :
------------
Array:
rule : -2 ;
module :  ;
message : Array ;

2016-08-11 23:39:55 response :
------------

2016-08-11 23:43:18 trace :
------------
String:
<xml><ToUserName><![CDATA[gh_8ca78bc58dcf]]></ToUserName>
<FromUserName><![CDATA[oB3Llv9ye5IXuCd4tr02EBuYzshw]]></FromUserName>
<CreateTime>1470930198</CreateTime>
<MsgType><![CDATA[event]]></MsgType>
<Event><![CDATA[VIEW]]></Event>
<EventKey><![CDATA[http://www.xyyhqhs8520.com/app/index.php?i=2&c=entry&do=index&m=jy_ppp]]></EventKey>
<MenuId>407931548</MenuId>
</xml>

2016-08-11 23:43:18 params :
------------
Array:
rule : -2 ;
module :  ;
message : Array ;

2016-08-11 23:43:18 response :
------------

2016-08-11 23:50:29 trace :
------------
String:
<xml><ToUserName><![CDATA[gh_8ca78bc58dcf]]></ToUserName>
<FromUserName><![CDATA[oB3Llvw6liBxjU6gw8t1cfDcpeIo]]></FromUserName>
<CreateTime>1470930629</CreateTime>
<MsgType><![CDATA[event]]></MsgType>
<Event><![CDATA[unsubscribe]]></Event>
<EventKey><![CDATA[]]></EventKey>
</xml>

